  [4;36;1mSQL (0.3ms)[0m   [0;1m SELECT name
 FROM sqlite_master
 WHERE type = 'table' AND NOT name = 'sqlite_sequence'
[0m
  [4;35;1mSQL (0.2ms)[0m   [0mselect sqlite_version(*)[0m
  [4;36;1mSQL (6.2ms)[0m   [0;1mCREATE TABLE "schema_migrations" ("version" varchar(255) NOT NULL) [0m
  [4;35;1mSQL (2.7ms)[0m   [0mCREATE UNIQUE INDEX "unique_schema_migrations" ON "schema_migrations" ("version")[0m
  [4;36;1mSQL (0.2ms)[0m   [0;1m SELECT name
 FROM sqlite_master
 WHERE type = 'table' AND NOT name = 'sqlite_sequence'
[0m
  [4;35;1mSQL (0.1ms)[0m   [0mSELECT version FROM schema_migrations[0m
  [4;36;1mSQL (0.1ms)[0m   [0;1mSET NAMES 'utf8'[0m
  [4;35;1mSQL (0.0ms)[0m   [0mSET SQL_AUTO_IS_NULL=0[0m
  [4;36;1mSQL (0.3ms)[0m   [0;1mSHOW TABLES[0m
  [4;35;1mSQL (0.1ms)[0m   [0mSELECT version FROM schema_migrations[0m
  [4;36;1mSQL (0.1ms)[0m   [0;1mSET NAMES 'utf8'[0m
  [4;35;1mSQL (0.0ms)[0m   [0mSET SQL_AUTO_IS_NULL=0[0m
  [4;36;1mSQL (0.3ms)[0m   [0;1mSHOW TABLES[0m
  [4;35;1mSQL (0.1ms)[0m   [0mSELECT version FROM schema_migrations[0m
  [4;36;1mSQL (0.1ms)[0m   [0;1mSET NAMES 'utf8'[0m
  [4;35;1mSQL (0.0ms)[0m   [0mSET SQL_AUTO_IS_NULL=0[0m
  [4;36;1mSQL (0.3ms)[0m   [0;1mSHOW TABLES[0m
  [4;35;1mSQL (0.1ms)[0m   [0mSELECT version FROM schema_migrations[0m
  [4;36;1mSQL (0.0ms)[0m   [0;1mSET NAMES 'utf8'[0m
  [4;35;1mSQL (0.0ms)[0m   [0mSET SQL_AUTO_IS_NULL=0[0m
  [4;36;1mSQL (42.7ms)[0m   [0;1mDROP DATABASE IF EXISTS `engine_test_railfrog_test`[0m
  [4;35;1mSQL (0.1ms)[0m   [0mCREATE DATABASE `engine_test_railfrog_test` DEFAULT CHARACTER SET `utf8`[0m
  [4;36;1mSQL (0.0ms)[0m   [0;1mSET NAMES 'utf8'[0m
  [4;35;1mSQL (0.0ms)[0m   [0mSET SQL_AUTO_IS_NULL=0[0m
  [4;36;1mSQL (0.2ms)[0m   [0;1mSHOW TABLES[0m
  [4;35;1mSQL (4.0ms)[0m   [0mCREATE TABLE `chunk_versions` (`id` int(11) DEFAULT NULL auto_increment PRIMARY KEY, `chunk_id` int(11), `version` int(11), `base_version` int(11), `content` blob(16777215), `created_at` datetime, `updated_at` datetime, `comments` varchar(255)) ENGINE=InnoDB[0m
  [4;36;1mSQL (3.9ms)[0m   [0;1mCREATE INDEX `chunk_versions_chunk_id_index` ON `chunk_versions` (`chunk_id`)[0m
  [4;35;1mSQL (4.0ms)[0m   [0mCREATE INDEX `chunk_versions_version_index` ON `chunk_versions` (`version`)[0m
  [4;36;1mSQL (0.1ms)[0m   [0;1mSHOW TABLES[0m
  [4;35;1mSQL (2.6ms)[0m   [0mCREATE TABLE `chunks` (`id` int(11) DEFAULT NULL auto_increment PRIMARY KEY, `description` varchar(255), `live_version` int(11), `mime_type_id` int(11), `mime_type_str` varchar(100) DEFAULT '') ENGINE=InnoDB[0m
  [4;36;1mSQL (3.5ms)[0m   [0;1mCREATE INDEX `chunks_mime_type_id_index` ON `chunks` (`mime_type_id`)[0m
  [4;35;1mSQL (0.1ms)[0m   [0mSHOW TABLES[0m
  [4;36;1mSQL (1.9ms)[0m   [0;1mCREATE TABLE `file_extensions` (`id` int(11) DEFAULT NULL auto_increment PRIMARY KEY, `extension` varchar(255), `mime_type_id` int(11)) ENGINE=InnoDB[0m
  [4;35;1mSQL (3.4ms)[0m   [0mCREATE INDEX `file_extensions_mime_type_id_index` ON `file_extensions` (`mime_type_id`)[0m
  [4;36;1mSQL (0.1ms)[0m   [0;1mSHOW TABLES[0m
  [4;35;1mSQL (2.9ms)[0m   [0mCREATE TABLE `mapping_labels` (`id` int(11) DEFAULT NULL auto_increment PRIMARY KEY, `site_mapping_id` int(11), `name` varchar(255), `value` varchar(255)) ENGINE=InnoDB[0m
  [4;36;1mSQL (4.1ms)[0m   [0;1mCREATE INDEX `mapping_labels_site_mapping_id_index` ON `mapping_labels` (`site_mapping_id`)[0m
  [4;35;1mSQL (0.1ms)[0m   [0mSHOW TABLES[0m
  [4;36;1mSQL (2.7ms)[0m   [0;1mCREATE TABLE `mime_types` (`id` int(11) DEFAULT NULL auto_increment PRIMARY KEY, `mime_type` varchar(255), `description` varchar(255)) ENGINE=InnoDB[0m
  [4;35;1mSQL (4.3ms)[0m   [0mCREATE INDEX `mime_types_mime_type_index` ON `mime_types` (`mime_type`)[0m
  [4;36;1mSQL (0.2ms)[0m   [0;1mSHOW TABLES[0m
  [4;35;1mSQL (2.5ms)[0m   [0mCREATE TABLE `site_mappings` (`id` int(11) DEFAULT NULL auto_increment PRIMARY KEY, `path_segment` varchar(255) DEFAULT '' NOT NULL, `chunk_id` int(11), `version` int(11), `updated_at` datetime, `root_id` int(11), `parent_id` int(11), `depth` int(11), `lft` int(11), `rgt` int(11), `is_internal` tinyint(1) DEFAULT 0) ENGINE=InnoDB[0m
  [4;36;1mSQL (4.4ms)[0m   [0;1mCREATE INDEX `site_mappings_chunk_id_index` ON `site_mappings` (`chunk_id`)[0m
  [4;35;1mSQL (5.8ms)[0m   [0mCREATE INDEX `site_mappings_depth_index` ON `site_mappings` (`depth`)[0m
  [4;36;1mSQL (4.6ms)[0m   [0;1mCREATE INDEX `site_mappings_lft_index` ON `site_mappings` (`lft`, `rgt`)[0m
  [4;35;1mSQL (5.2ms)[0m   [0mCREATE INDEX `site_mappings_parent_id_index` ON `site_mappings` (`parent_id`)[0m
  [4;36;1mSQL (4.9ms)[0m   [0;1mCREATE INDEX `site_mappings_path_segment_index` ON `site_mappings` (`path_segment`, `version`)[0m
  [4;35;1mSQL (1.1ms)[0m   [0mSHOW TABLES[0m
  [4;36;1mSQL (2.4ms)[0m   [0;1mCREATE TABLE `users` (`id` int(11) DEFAULT NULL auto_increment PRIMARY KEY, `first_name` varchar(255) DEFAULT '' NOT NULL, `last_name` varchar(255) DEFAULT '' NOT NULL, `email` varchar(255) DEFAULT '' NOT NULL, `password` varchar(40) DEFAULT '' NOT NULL, `created_at` datetime NOT NULL, `updated_at` datetime NOT NULL) ENGINE=InnoDB[0m
  [4;35;1mSQL (0.2ms)[0m   [0mSHOW TABLES[0m
  [4;36;1mSQL (2.4ms)[0m   [0;1mCREATE TABLE `schema_migrations` (`version` varchar(255) NOT NULL) ENGINE=InnoDB[0m
  [4;35;1mSQL (3.8ms)[0m   [0mCREATE UNIQUE INDEX `unique_schema_migrations` ON `schema_migrations` (`version`)[0m
  [4;36;1mSQL (0.2ms)[0m   [0;1mSHOW TABLES[0m
  [4;35;1mSQL (0.1ms)[0m   [0mSELECT version FROM `schema_migrations`[0m
  [4;36;1mSQL (0.3ms)[0m   [0;1mINSERT INTO `schema_migrations` (version) VALUES ('6')[0m
  [4;36;1mSQL (0.1ms)[0m   [0;1mSET NAMES 'utf8'[0m
  [4;35;1mSQL (0.0ms)[0m   [0mSET SQL_AUTO_IS_NULL=0[0m
  [4;36;1mSQL (0.3ms)[0m   [0;1mSHOW TABLES[0m
  [4;35;1mSQL (0.1ms)[0m   [0mSELECT version FROM schema_migrations[0m
  [4;36;1mSQL (0.1ms)[0m   [0;1mSET NAMES 'utf8'[0m
  [4;35;1mSQL (0.0ms)[0m   [0mSET SQL_AUTO_IS_NULL=0[0m
  [4;36;1mSQL (42.9ms)[0m   [0;1mDROP DATABASE IF EXISTS `engine_test_railfrog_test`[0m
  [4;35;1mSQL (0.1ms)[0m   [0mCREATE DATABASE `engine_test_railfrog_test` DEFAULT CHARACTER SET `utf8`[0m
  [4;36;1mSQL (0.0ms)[0m   [0;1mSET NAMES 'utf8'[0m
  [4;35;1mSQL (0.0ms)[0m   [0mSET SQL_AUTO_IS_NULL=0[0m
  [4;36;1mSQL (0.1ms)[0m   [0;1mSHOW TABLES[0m
  [4;35;1mSQL (2.8ms)[0m   [0mCREATE TABLE `chunk_versions` (`id` int(11) DEFAULT NULL auto_increment PRIMARY KEY, `chunk_id` int(11), `version` int(11), `base_version` int(11), `content` blob(16777215), `created_at` datetime, `updated_at` datetime, `comments` varchar(255)) ENGINE=InnoDB[0m
  [4;36;1mSQL (3.9ms)[0m   [0;1mCREATE INDEX `chunk_versions_chunk_id_index` ON `chunk_versions` (`chunk_id`)[0m
  [4;35;1mSQL (4.6ms)[0m   [0mCREATE INDEX `chunk_versions_version_index` ON `chunk_versions` (`version`)[0m
  [4;36;1mSQL (0.1ms)[0m   [0;1mSHOW TABLES[0m
  [4;35;1mSQL (2.3ms)[0m   [0mCREATE TABLE `chunks` (`id` int(11) DEFAULT NULL auto_increment PRIMARY KEY, `description` varchar(255), `live_version` int(11), `mime_type_id` int(11), `mime_type_str` varchar(100) DEFAULT '') ENGINE=InnoDB[0m
  [4;36;1mSQL (4.5ms)[0m   [0;1mCREATE INDEX `chunks_mime_type_id_index` ON `chunks` (`mime_type_id`)[0m
  [4;35;1mSQL (0.2ms)[0m   [0mSHOW TABLES[0m
  [4;36;1mSQL (2.0ms)[0m   [0;1mCREATE TABLE `file_extensions` (`id` int(11) DEFAULT NULL auto_increment PRIMARY KEY, `extension` varchar(255), `mime_type_id` int(11)) ENGINE=InnoDB[0m
  [4;35;1mSQL (3.5ms)[0m   [0mCREATE INDEX `file_extensions_mime_type_id_index` ON `file_extensions` (`mime_type_id`)[0m
  [4;36;1mSQL (0.1ms)[0m   [0;1mSHOW TABLES[0m
  [4;35;1mSQL (2.8ms)[0m   [0mCREATE TABLE `mapping_labels` (`id` int(11) DEFAULT NULL auto_increment PRIMARY KEY, `site_mapping_id` int(11), `name` varchar(255), `value` varchar(255)) ENGINE=InnoDB[0m
  [4;36;1mSQL (4.3ms)[0m   [0;1mCREATE INDEX `mapping_labels_site_mapping_id_index` ON `mapping_labels` (`site_mapping_id`)[0m
  [4;35;1mSQL (0.1ms)[0m   [0mSHOW TABLES[0m
  [4;36;1mSQL (2.0ms)[0m   [0;1mCREATE TABLE `mime_types` (`id` int(11) DEFAULT NULL auto_increment PRIMARY KEY, `mime_type` varchar(255), `description` varchar(255)) ENGINE=InnoDB[0m
  [4;35;1mSQL (3.7ms)[0m   [0mCREATE INDEX `mime_types_mime_type_index` ON `mime_types` (`mime_type`)[0m
  [4;36;1mSQL (0.1ms)[0m   [0;1mSHOW TABLES[0m
  [4;35;1mSQL (4.4ms)[0m   [0mCREATE TABLE `site_mappings` (`id` int(11) DEFAULT NULL auto_increment PRIMARY KEY, `path_segment` varchar(255) DEFAULT '' NOT NULL, `chunk_id` int(11), `version` int(11), `updated_at` datetime, `root_id` int(11), `parent_id` int(11), `depth` int(11), `lft` int(11), `rgt` int(11), `is_internal` tinyint(1) DEFAULT 0) ENGINE=InnoDB[0m
  [4;36;1mSQL (4.1ms)[0m   [0;1mCREATE INDEX `site_mappings_chunk_id_index` ON `site_mappings` (`chunk_id`)[0m
  [4;35;1mSQL (4.1ms)[0m   [0mCREATE INDEX `site_mappings_depth_index` ON `site_mappings` (`depth`)[0m
  [4;36;1mSQL (4.2ms)[0m   [0;1mCREATE INDEX `site_mappings_lft_index` ON `site_mappings` (`lft`, `rgt`)[0m
  [4;35;1mSQL (4.5ms)[0m   [0mCREATE INDEX `site_mappings_parent_id_index` ON `site_mappings` (`parent_id`)[0m
  [4;36;1mSQL (5.1ms)[0m   [0;1mCREATE INDEX `site_mappings_path_segment_index` ON `site_mappings` (`path_segment`, `version`)[0m
  [4;35;1mSQL (0.2ms)[0m   [0mSHOW TABLES[0m
  [4;36;1mSQL (2.1ms)[0m   [0;1mCREATE TABLE `users` (`id` int(11) DEFAULT NULL auto_increment PRIMARY KEY, `first_name` varchar(255) DEFAULT '' NOT NULL, `last_name` varchar(255) DEFAULT '' NOT NULL, `email` varchar(255) DEFAULT '' NOT NULL, `password` varchar(40) DEFAULT '' NOT NULL, `created_at` datetime NOT NULL, `updated_at` datetime NOT NULL) ENGINE=InnoDB[0m
  [4;35;1mSQL (0.2ms)[0m   [0mSHOW TABLES[0m
  [4;36;1mSQL (2.6ms)[0m   [0;1mCREATE TABLE `schema_migrations` (`version` varchar(255) NOT NULL) ENGINE=InnoDB[0m
  [4;35;1mSQL (6.7ms)[0m   [0mCREATE UNIQUE INDEX `unique_schema_migrations` ON `schema_migrations` (`version`)[0m
  [4;36;1mSQL (0.2ms)[0m   [0;1mSHOW TABLES[0m
  [4;35;1mSQL (0.1ms)[0m   [0mSELECT version FROM `schema_migrations`[0m
  [4;36;1mSQL (0.4ms)[0m   [0;1mINSERT INTO `schema_migrations` (version) VALUES ('6')[0m
  [4;36;1mSQL (0.1ms)[0m   [0;1mSET NAMES 'utf8'[0m
  [4;35;1mSQL (0.0ms)[0m   [0mSET SQL_AUTO_IS_NULL=0[0m
  [4;36;1mSQL (0.3ms)[0m   [0;1mSHOW TABLES[0m
  [4;35;1mSQL (0.1ms)[0m   [0mSELECT version FROM schema_migrations[0m
  [4;36;1mSQL (0.0ms)[0m   [0;1mSET NAMES 'utf8'[0m
  [4;35;1mSQL (0.0ms)[0m   [0mSET SQL_AUTO_IS_NULL=0[0m
  [4;36;1mSQL (33.1ms)[0m   [0;1mDROP DATABASE IF EXISTS `engine_test_railfrog_test`[0m
  [4;35;1mSQL (1.9ms)[0m   [0mCREATE DATABASE `engine_test_railfrog_test` DEFAULT CHARACTER SET `utf8`[0m
  [4;36;1mSQL (0.0ms)[0m   [0;1mSET NAMES 'utf8'[0m
  [4;35;1mSQL (0.0ms)[0m   [0mSET SQL_AUTO_IS_NULL=0[0m
  [4;36;1mSQL (0.1ms)[0m   [0;1mSHOW TABLES[0m
  [4;35;1mSQL (3.5ms)[0m   [0mCREATE TABLE `chunk_versions` (`id` int(11) DEFAULT NULL auto_increment PRIMARY KEY, `chunk_id` int(11), `version` int(11), `base_version` int(11), `content` blob(16777215), `created_at` datetime, `updated_at` datetime, `comments` varchar(255)) ENGINE=InnoDB[0m
  [4;36;1mSQL (3.9ms)[0m   [0;1mCREATE INDEX `chunk_versions_chunk_id_index` ON `chunk_versions` (`chunk_id`)[0m
  [4;35;1mSQL (5.2ms)[0m   [0mCREATE INDEX `chunk_versions_version_index` ON `chunk_versions` (`version`)[0m
  [4;36;1mSQL (0.1ms)[0m   [0;1mSHOW TABLES[0m
  [4;35;1mSQL (8.1ms)[0m   [0mCREATE TABLE `chunks` (`id` int(11) DEFAULT NULL auto_increment PRIMARY KEY, `description` varchar(255), `live_version` int(11), `mime_type_id` int(11), `mime_type_str` varchar(100) DEFAULT '') ENGINE=InnoDB[0m
  [4;36;1mSQL (5.2ms)[0m   [0;1mCREATE INDEX `chunks_mime_type_id_index` ON `chunks` (`mime_type_id`)[0m
  [4;35;1mSQL (0.8ms)[0m   [0mSHOW TABLES[0m
  [4;36;1mSQL (2.5ms)[0m   [0;1mCREATE TABLE `file_extensions` (`id` int(11) DEFAULT NULL auto_increment PRIMARY KEY, `extension` varchar(255), `mime_type_id` int(11)) ENGINE=InnoDB[0m
  [4;35;1mSQL (4.7ms)[0m   [0mCREATE INDEX `file_extensions_mime_type_id_index` ON `file_extensions` (`mime_type_id`)[0m
  [4;36;1mSQL (0.1ms)[0m   [0;1mSHOW TABLES[0m
  [4;35;1mSQL (1.8ms)[0m   [0mCREATE TABLE `mapping_labels` (`id` int(11) DEFAULT NULL auto_increment PRIMARY KEY, `site_mapping_id` int(11), `name` varchar(255), `value` varchar(255)) ENGINE=InnoDB[0m
  [4;36;1mSQL (4.6ms)[0m   [0;1mCREATE INDEX `mapping_labels_site_mapping_id_index` ON `mapping_labels` (`site_mapping_id`)[0m
  [4;35;1mSQL (0.1ms)[0m   [0mSHOW TABLES[0m
  [4;36;1mSQL (2.2ms)[0m   [0;1mCREATE TABLE `mime_types` (`id` int(11) DEFAULT NULL auto_increment PRIMARY KEY, `mime_type` varchar(255), `description` varchar(255)) ENGINE=InnoDB[0m
  [4;35;1mSQL (4.2ms)[0m   [0mCREATE INDEX `mime_types_mime_type_index` ON `mime_types` (`mime_type`)[0m
  [4;36;1mSQL (0.1ms)[0m   [0;1mSHOW TABLES[0m
  [4;35;1mSQL (4.2ms)[0m   [0mCREATE TABLE `site_mappings` (`id` int(11) DEFAULT NULL auto_increment PRIMARY KEY, `path_segment` varchar(255) DEFAULT '' NOT NULL, `chunk_id` int(11), `version` int(11), `updated_at` datetime, `root_id` int(11), `parent_id` int(11), `depth` int(11), `lft` int(11), `rgt` int(11), `is_internal` tinyint(1) DEFAULT 0) ENGINE=InnoDB[0m
  [4;36;1mSQL (3.9ms)[0m   [0;1mCREATE INDEX `site_mappings_chunk_id_index` ON `site_mappings` (`chunk_id`)[0m
  [4;35;1mSQL (4.2ms)[0m   [0mCREATE INDEX `site_mappings_depth_index` ON `site_mappings` (`depth`)[0m
  [4;36;1mSQL (4.2ms)[0m   [0;1mCREATE INDEX `site_mappings_lft_index` ON `site_mappings` (`lft`, `rgt`)[0m
  [4;35;1mSQL (4.5ms)[0m   [0mCREATE INDEX `site_mappings_parent_id_index` ON `site_mappings` (`parent_id`)[0m
  [4;36;1mSQL (4.3ms)[0m   [0;1mCREATE INDEX `site_mappings_path_segment_index` ON `site_mappings` (`path_segment`, `version`)[0m
  [4;35;1mSQL (0.2ms)[0m   [0mSHOW TABLES[0m
  [4;36;1mSQL (2.3ms)[0m   [0;1mCREATE TABLE `users` (`id` int(11) DEFAULT NULL auto_increment PRIMARY KEY, `first_name` varchar(255) DEFAULT '' NOT NULL, `last_name` varchar(255) DEFAULT '' NOT NULL, `email` varchar(255) DEFAULT '' NOT NULL, `password` varchar(40) DEFAULT '' NOT NULL, `created_at` datetime NOT NULL, `updated_at` datetime NOT NULL) ENGINE=InnoDB[0m
  [4;35;1mSQL (0.1ms)[0m   [0mSHOW TABLES[0m
  [4;36;1mSQL (1.6ms)[0m   [0;1mCREATE TABLE `schema_migrations` (`version` varchar(255) NOT NULL) ENGINE=InnoDB[0m
  [4;35;1mSQL (3.8ms)[0m   [0mCREATE UNIQUE INDEX `unique_schema_migrations` ON `schema_migrations` (`version`)[0m
  [4;36;1mSQL (0.2ms)[0m   [0;1mSHOW TABLES[0m
  [4;35;1mSQL (0.6ms)[0m   [0mSELECT version FROM `schema_migrations`[0m
  [4;36;1mSQL (1.0ms)[0m   [0;1mINSERT INTO `schema_migrations` (version) VALUES ('6')[0m
  [4;36;1mSQL (0.1ms)[0m   [0;1mSET NAMES 'utf8'[0m
  [4;35;1mSQL (0.0ms)[0m   [0mSET SQL_AUTO_IS_NULL=0[0m
  [4;36;1mSQL (0.3ms)[0m   [0;1mSHOW TABLES[0m
  [4;35;1mSQL (0.1ms)[0m   [0mSELECT version FROM schema_migrations[0m
  [4;36;1mSQL (0.0ms)[0m   [0;1mSET NAMES 'utf8'[0m
  [4;35;1mSQL (0.0ms)[0m   [0mSET SQL_AUTO_IS_NULL=0[0m
  [4;36;1mSQL (38.7ms)[0m   [0;1mDROP DATABASE IF EXISTS `engine_test_railfrog_test`[0m
  [4;35;1mSQL (0.1ms)[0m   [0mCREATE DATABASE `engine_test_railfrog_test` DEFAULT CHARACTER SET `utf8`[0m
  [4;36;1mSQL (0.0ms)[0m   [0;1mSET NAMES 'utf8'[0m
  [4;35;1mSQL (0.0ms)[0m   [0mSET SQL_AUTO_IS_NULL=0[0m
  [4;36;1mSQL (0.1ms)[0m   [0;1mSHOW TABLES[0m
  [4;35;1mSQL (2.2ms)[0m   [0mCREATE TABLE `chunk_versions` (`id` int(11) DEFAULT NULL auto_increment PRIMARY KEY, `chunk_id` int(11), `version` int(11), `base_version` int(11), `content` blob(16777215), `created_at` datetime, `updated_at` datetime, `comments` varchar(255)) ENGINE=InnoDB[0m
  [4;36;1mSQL (3.8ms)[0m   [0;1mCREATE INDEX `chunk_versions_chunk_id_index` ON `chunk_versions` (`chunk_id`)[0m
  [4;35;1mSQL (6.7ms)[0m   [0mCREATE INDEX `chunk_versions_version_index` ON `chunk_versions` (`version`)[0m
  [4;36;1mSQL (0.2ms)[0m   [0;1mSHOW TABLES[0m
  [4;35;1mSQL (1.8ms)[0m   [0mCREATE TABLE `chunks` (`id` int(11) DEFAULT NULL auto_increment PRIMARY KEY, `description` varchar(255), `live_version` int(11), `mime_type_id` int(11), `mime_type_str` varchar(100) DEFAULT '') ENGINE=InnoDB[0m
  [4;36;1mSQL (3.9ms)[0m   [0;1mCREATE INDEX `chunks_mime_type_id_index` ON `chunks` (`mime_type_id`)[0m
  [4;35;1mSQL (0.1ms)[0m   [0mSHOW TABLES[0m
  [4;36;1mSQL (1.7ms)[0m   [0;1mCREATE TABLE `file_extensions` (`id` int(11) DEFAULT NULL auto_increment PRIMARY KEY, `extension` varchar(255), `mime_type_id` int(11)) ENGINE=InnoDB[0m
  [4;35;1mSQL (3.5ms)[0m   [0mCREATE INDEX `file_extensions_mime_type_id_index` ON `file_extensions` (`mime_type_id`)[0m
  [4;36;1mSQL (0.1ms)[0m   [0;1mSHOW TABLES[0m
  [4;35;1mSQL (2.2ms)[0m   [0mCREATE TABLE `mapping_labels` (`id` int(11) DEFAULT NULL auto_increment PRIMARY KEY, `site_mapping_id` int(11), `name` varchar(255), `value` varchar(255)) ENGINE=InnoDB[0m
  [4;36;1mSQL (3.6ms)[0m   [0;1mCREATE INDEX `mapping_labels_site_mapping_id_index` ON `mapping_labels` (`site_mapping_id`)[0m
  [4;35;1mSQL (0.1ms)[0m   [0mSHOW TABLES[0m
  [4;36;1mSQL (1.7ms)[0m   [0;1mCREATE TABLE `mime_types` (`id` int(11) DEFAULT NULL auto_increment PRIMARY KEY, `mime_type` varchar(255), `description` varchar(255)) ENGINE=InnoDB[0m
  [4;35;1mSQL (3.6ms)[0m   [0mCREATE INDEX `mime_types_mime_type_index` ON `mime_types` (`mime_type`)[0m
  [4;36;1mSQL (0.2ms)[0m   [0;1mSHOW TABLES[0m
  [4;35;1mSQL (2.9ms)[0m   [0mCREATE TABLE `site_mappings` (`id` int(11) DEFAULT NULL auto_increment PRIMARY KEY, `path_segment` varchar(255) DEFAULT '' NOT NULL, `chunk_id` int(11), `version` int(11), `updated_at` datetime, `root_id` int(11), `parent_id` int(11), `depth` int(11), `lft` int(11), `rgt` int(11), `is_internal` tinyint(1) DEFAULT 0) ENGINE=InnoDB[0m
  [4;36;1mSQL (4.1ms)[0m   [0;1mCREATE INDEX `site_mappings_chunk_id_index` ON `site_mappings` (`chunk_id`)[0m
  [4;35;1mSQL (4.3ms)[0m   [0mCREATE INDEX `site_mappings_depth_index` ON `site_mappings` (`depth`)[0m
  [4;36;1mSQL (4.0ms)[0m   [0;1mCREATE INDEX `site_mappings_lft_index` ON `site_mappings` (`lft`, `rgt`)[0m
  [4;35;1mSQL (4.3ms)[0m   [0mCREATE INDEX `site_mappings_parent_id_index` ON `site_mappings` (`parent_id`)[0m
  [4;36;1mSQL (4.4ms)[0m   [0;1mCREATE INDEX `site_mappings_path_segment_index` ON `site_mappings` (`path_segment`, `version`)[0m
  [4;35;1mSQL (0.2ms)[0m   [0mSHOW TABLES[0m
  [4;36;1mSQL (1.8ms)[0m   [0;1mCREATE TABLE `users` (`id` int(11) DEFAULT NULL auto_increment PRIMARY KEY, `first_name` varchar(255) DEFAULT '' NOT NULL, `last_name` varchar(255) DEFAULT '' NOT NULL, `email` varchar(255) DEFAULT '' NOT NULL, `password` varchar(40) DEFAULT '' NOT NULL, `created_at` datetime NOT NULL, `updated_at` datetime NOT NULL) ENGINE=InnoDB[0m
  [4;35;1mSQL (0.1ms)[0m   [0mSHOW TABLES[0m
  [4;36;1mSQL (2.1ms)[0m   [0;1mCREATE TABLE `schema_migrations` (`version` varchar(255) NOT NULL) ENGINE=InnoDB[0m
  [4;35;1mSQL (6.4ms)[0m   [0mCREATE UNIQUE INDEX `unique_schema_migrations` ON `schema_migrations` (`version`)[0m
  [4;36;1mSQL (0.2ms)[0m   [0;1mSHOW TABLES[0m
  [4;35;1mSQL (0.1ms)[0m   [0mSELECT version FROM `schema_migrations`[0m
  [4;36;1mSQL (0.3ms)[0m   [0;1mINSERT INTO `schema_migrations` (version) VALUES ('6')[0m
  [4;36;1mSQL (0.1ms)[0m   [0;1mSET NAMES 'utf8'[0m
  [4;35;1mSQL (0.0ms)[0m   [0mSET SQL_AUTO_IS_NULL=0[0m
  [4;36;1mSQL (0.3ms)[0m   [0;1mSHOW TABLES[0m
  [4;35;1mSQL (0.1ms)[0m   [0mSELECT version FROM schema_migrations[0m
  [4;36;1mSQL (0.0ms)[0m   [0;1mSET NAMES 'utf8'[0m
  [4;35;1mSQL (0.0ms)[0m   [0mSET SQL_AUTO_IS_NULL=0[0m
  [4;36;1mSQL (28.9ms)[0m   [0;1mDROP DATABASE IF EXISTS `engine_test_railfrog_test`[0m
  [4;35;1mSQL (0.1ms)[0m   [0mCREATE DATABASE `engine_test_railfrog_test` DEFAULT CHARACTER SET `utf8`[0m
  [4;36;1mSQL (0.0ms)[0m   [0;1mSET NAMES 'utf8'[0m
  [4;35;1mSQL (0.0ms)[0m   [0mSET SQL_AUTO_IS_NULL=0[0m
  [4;36;1mSQL (0.1ms)[0m   [0;1mSHOW TABLES[0m
  [4;35;1mSQL (2.9ms)[0m   [0mCREATE TABLE `chunk_versions` (`id` int(11) DEFAULT NULL auto_increment PRIMARY KEY, `chunk_id` int(11), `version` int(11), `base_version` int(11), `content` blob(16777215), `created_at` datetime, `updated_at` datetime, `comments` varchar(255)) ENGINE=InnoDB[0m
  [4;36;1mSQL (4.4ms)[0m   [0;1mCREATE INDEX `chunk_versions_chunk_id_index` ON `chunk_versions` (`chunk_id`)[0m
  [4;35;1mSQL (4.9ms)[0m   [0mCREATE INDEX `chunk_versions_version_index` ON `chunk_versions` (`version`)[0m
  [4;36;1mSQL (0.2ms)[0m   [0;1mSHOW TABLES[0m
  [4;35;1mSQL (2.9ms)[0m   [0mCREATE TABLE `chunks` (`id` int(11) DEFAULT NULL auto_increment PRIMARY KEY, `description` varchar(255), `live_version` int(11), `mime_type_id` int(11), `mime_type_str` varchar(100) DEFAULT '') ENGINE=InnoDB[0m
  [4;36;1mSQL (5.5ms)[0m   [0;1mCREATE INDEX `chunks_mime_type_id_index` ON `chunks` (`mime_type_id`)[0m
  [4;35;1mSQL (0.2ms)[0m   [0mSHOW TABLES[0m
  [4;36;1mSQL (2.0ms)[0m   [0;1mCREATE TABLE `file_extensions` (`id` int(11) DEFAULT NULL auto_increment PRIMARY KEY, `extension` varchar(255), `mime_type_id` int(11)) ENGINE=InnoDB[0m
  [4;35;1mSQL (3.5ms)[0m   [0mCREATE INDEX `file_extensions_mime_type_id_index` ON `file_extensions` (`mime_type_id`)[0m
  [4;36;1mSQL (0.1ms)[0m   [0;1mSHOW TABLES[0m
  [4;35;1mSQL (2.2ms)[0m   [0mCREATE TABLE `mapping_labels` (`id` int(11) DEFAULT NULL auto_increment PRIMARY KEY, `site_mapping_id` int(11), `name` varchar(255), `value` varchar(255)) ENGINE=InnoDB[0m
  [4;36;1mSQL (3.6ms)[0m   [0;1mCREATE INDEX `mapping_labels_site_mapping_id_index` ON `mapping_labels` (`site_mapping_id`)[0m
  [4;35;1mSQL (0.1ms)[0m   [0mSHOW TABLES[0m
  [4;36;1mSQL (2.1ms)[0m   [0;1mCREATE TABLE `mime_types` (`id` int(11) DEFAULT NULL auto_increment PRIMARY KEY, `mime_type` varchar(255), `description` varchar(255)) ENGINE=InnoDB[0m
  [4;35;1mSQL (3.5ms)[0m   [0mCREATE INDEX `mime_types_mime_type_index` ON `mime_types` (`mime_type`)[0m
  [4;36;1mSQL (0.2ms)[0m   [0;1mSHOW TABLES[0m
  [4;35;1mSQL (2.4ms)[0m   [0mCREATE TABLE `site_mappings` (`id` int(11) DEFAULT NULL auto_increment PRIMARY KEY, `path_segment` varchar(255) DEFAULT '' NOT NULL, `chunk_id` int(11), `version` int(11), `updated_at` datetime, `root_id` int(11), `parent_id` int(11), `depth` int(11), `lft` int(11), `rgt` int(11), `is_internal` tinyint(1) DEFAULT 0) ENGINE=InnoDB[0m
  [4;36;1mSQL (3.7ms)[0m   [0;1mCREATE INDEX `site_mappings_chunk_id_index` ON `site_mappings` (`chunk_id`)[0m
  [4;35;1mSQL (3.6ms)[0m   [0mCREATE INDEX `site_mappings_depth_index` ON `site_mappings` (`depth`)[0m
  [4;36;1mSQL (4.1ms)[0m   [0;1mCREATE INDEX `site_mappings_lft_index` ON `site_mappings` (`lft`, `rgt`)[0m
  [4;35;1mSQL (4.3ms)[0m   [0mCREATE INDEX `site_mappings_parent_id_index` ON `site_mappings` (`parent_id`)[0m
  [4;36;1mSQL (4.2ms)[0m   [0;1mCREATE INDEX `site_mappings_path_segment_index` ON `site_mappings` (`path_segment`, `version`)[0m
  [4;35;1mSQL (0.2ms)[0m   [0mSHOW TABLES[0m
  [4;36;1mSQL (2.0ms)[0m   [0;1mCREATE TABLE `users` (`id` int(11) DEFAULT NULL auto_increment PRIMARY KEY, `first_name` varchar(255) DEFAULT '' NOT NULL, `last_name` varchar(255) DEFAULT '' NOT NULL, `email` varchar(255) DEFAULT '' NOT NULL, `password` varchar(40) DEFAULT '' NOT NULL, `created_at` datetime NOT NULL, `updated_at` datetime NOT NULL) ENGINE=InnoDB[0m
  [4;35;1mSQL (0.1ms)[0m   [0mSHOW TABLES[0m
  [4;36;1mSQL (1.7ms)[0m   [0;1mCREATE TABLE `schema_migrations` (`version` varchar(255) NOT NULL) ENGINE=InnoDB[0m
  [4;35;1mSQL (4.1ms)[0m   [0mCREATE UNIQUE INDEX `unique_schema_migrations` ON `schema_migrations` (`version`)[0m
  [4;36;1mSQL (0.2ms)[0m   [0;1mSHOW TABLES[0m
  [4;35;1mSQL (0.2ms)[0m   [0mSELECT version FROM `schema_migrations`[0m
  [4;36;1mSQL (0.3ms)[0m   [0;1mINSERT INTO `schema_migrations` (version) VALUES ('6')[0m
  [4;36;1mSQL (0.1ms)[0m   [0;1mSET NAMES 'utf8'[0m
  [4;35;1mSQL (0.0ms)[0m   [0mSET SQL_AUTO_IS_NULL=0[0m
  [4;36;1mSQL (0.3ms)[0m   [0;1mSHOW TABLES[0m
  [4;35;1mSQL (0.1ms)[0m   [0mSELECT version FROM schema_migrations[0m
  [4;36;1mSQL (0.0ms)[0m   [0;1mSET NAMES 'utf8'[0m
  [4;35;1mSQL (0.0ms)[0m   [0mSET SQL_AUTO_IS_NULL=0[0m
  [4;36;1mSQL (29.3ms)[0m   [0;1mDROP DATABASE IF EXISTS `engine_test_railfrog_test`[0m
  [4;35;1mSQL (0.1ms)[0m   [0mCREATE DATABASE `engine_test_railfrog_test` DEFAULT CHARACTER SET `utf8`[0m
  [4;36;1mSQL (0.3ms)[0m   [0;1mSET NAMES 'utf8'[0m
  [4;35;1mSQL (0.0ms)[0m   [0mSET SQL_AUTO_IS_NULL=0[0m
  [4;36;1mSQL (0.1ms)[0m   [0;1mSHOW TABLES[0m
  [4;35;1mSQL (3.4ms)[0m   [0mCREATE TABLE `chunk_versions` (`id` int(11) DEFAULT NULL auto_increment PRIMARY KEY, `chunk_id` int(11), `version` int(11), `base_version` int(11), `content` blob(16777215), `created_at` datetime, `updated_at` datetime, `comments` varchar(255)) ENGINE=InnoDB[0m
  [4;36;1mSQL (5.0ms)[0m   [0;1mCREATE INDEX `chunk_versions_chunk_id_index` ON `chunk_versions` (`chunk_id`)[0m
  [4;35;1mSQL (4.4ms)[0m   [0mCREATE INDEX `chunk_versions_version_index` ON `chunk_versions` (`version`)[0m
  [4;36;1mSQL (0.1ms)[0m   [0;1mSHOW TABLES[0m
  [4;35;1mSQL (3.2ms)[0m   [0mCREATE TABLE `chunks` (`id` int(11) DEFAULT NULL auto_increment PRIMARY KEY, `description` varchar(255), `live_version` int(11), `mime_type_id` int(11), `mime_type_str` varchar(100) DEFAULT '') ENGINE=InnoDB[0m
  [4;36;1mSQL (3.7ms)[0m   [0;1mCREATE INDEX `chunks_mime_type_id_index` ON `chunks` (`mime_type_id`)[0m
  [4;35;1mSQL (0.1ms)[0m   [0mSHOW TABLES[0m
  [4;36;1mSQL (3.0ms)[0m   [0;1mCREATE TABLE `file_extensions` (`id` int(11) DEFAULT NULL auto_increment PRIMARY KEY, `extension` varchar(255), `mime_type_id` int(11)) ENGINE=InnoDB[0m
  [4;35;1mSQL (4.2ms)[0m   [0mCREATE INDEX `file_extensions_mime_type_id_index` ON `file_extensions` (`mime_type_id`)[0m
  [4;36;1mSQL (0.1ms)[0m   [0;1mSHOW TABLES[0m
  [4;35;1mSQL (2.2ms)[0m   [0mCREATE TABLE `mapping_labels` (`id` int(11) DEFAULT NULL auto_increment PRIMARY KEY, `site_mapping_id` int(11), `name` varchar(255), `value` varchar(255)) ENGINE=InnoDB[0m
  [4;36;1mSQL (4.1ms)[0m   [0;1mCREATE INDEX `mapping_labels_site_mapping_id_index` ON `mapping_labels` (`site_mapping_id`)[0m
  [4;35;1mSQL (0.1ms)[0m   [0mSHOW TABLES[0m
  [4;36;1mSQL (1.7ms)[0m   [0;1mCREATE TABLE `mime_types` (`id` int(11) DEFAULT NULL auto_increment PRIMARY KEY, `mime_type` varchar(255), `description` varchar(255)) ENGINE=InnoDB[0m
  [4;35;1mSQL (4.7ms)[0m   [0mCREATE INDEX `mime_types_mime_type_index` ON `mime_types` (`mime_type`)[0m
  [4;36;1mSQL (1.0ms)[0m   [0;1mSHOW TABLES[0m
  [4;35;1mSQL (3.4ms)[0m   [0mCREATE TABLE `site_mappings` (`id` int(11) DEFAULT NULL auto_increment PRIMARY KEY, `path_segment` varchar(255) DEFAULT '' NOT NULL, `chunk_id` int(11), `version` int(11), `updated_at` datetime, `root_id` int(11), `parent_id` int(11), `depth` int(11), `lft` int(11), `rgt` int(11), `is_internal` tinyint(1) DEFAULT 0) ENGINE=InnoDB[0m
  [4;36;1mSQL (4.3ms)[0m   [0;1mCREATE INDEX `site_mappings_chunk_id_index` ON `site_mappings` (`chunk_id`)[0m
  [4;35;1mSQL (3.7ms)[0m   [0mCREATE INDEX `site_mappings_depth_index` ON `site_mappings` (`depth`)[0m
  [4;36;1mSQL (4.8ms)[0m   [0;1mCREATE INDEX `site_mappings_lft_index` ON `site_mappings` (`lft`, `rgt`)[0m
  [4;35;1mSQL (4.9ms)[0m   [0mCREATE INDEX `site_mappings_parent_id_index` ON `site_mappings` (`parent_id`)[0m
  [4;36;1mSQL (6.6ms)[0m   [0;1mCREATE INDEX `site_mappings_path_segment_index` ON `site_mappings` (`path_segment`, `version`)[0m
  [4;35;1mSQL (0.2ms)[0m   [0mSHOW TABLES[0m
  [4;36;1mSQL (2.6ms)[0m   [0;1mCREATE TABLE `users` (`id` int(11) DEFAULT NULL auto_increment PRIMARY KEY, `first_name` varchar(255) DEFAULT '' NOT NULL, `last_name` varchar(255) DEFAULT '' NOT NULL, `email` varchar(255) DEFAULT '' NOT NULL, `password` varchar(40) DEFAULT '' NOT NULL, `created_at` datetime NOT NULL, `updated_at` datetime NOT NULL) ENGINE=InnoDB[0m
  [4;35;1mSQL (0.2ms)[0m   [0mSHOW TABLES[0m
  [4;36;1mSQL (2.3ms)[0m   [0;1mCREATE TABLE `schema_migrations` (`version` varchar(255) NOT NULL) ENGINE=InnoDB[0m
  [4;35;1mSQL (4.0ms)[0m   [0mCREATE UNIQUE INDEX `unique_schema_migrations` ON `schema_migrations` (`version`)[0m
  [4;36;1mSQL (0.2ms)[0m   [0;1mSHOW TABLES[0m
  [4;35;1mSQL (0.1ms)[0m   [0mSELECT version FROM `schema_migrations`[0m
  [4;36;1mSQL (0.6ms)[0m   [0;1mINSERT INTO `schema_migrations` (version) VALUES ('6')[0m
  [4;36;1mSQL (0.1ms)[0m   [0;1mSET NAMES 'utf8'[0m
  [4;35;1mSQL (0.0ms)[0m   [0mSET SQL_AUTO_IS_NULL=0[0m
  [4;36;1mSQL (0.3ms)[0m   [0;1mSHOW TABLES[0m
  [4;35;1mSQL (0.1ms)[0m   [0mSELECT version FROM schema_migrations[0m
  [4;36;1mSQL (0.0ms)[0m   [0;1mSET NAMES 'utf8'[0m
  [4;35;1mSQL (0.0ms)[0m   [0mSET SQL_AUTO_IS_NULL=0[0m
  [4;36;1mSQL (39.4ms)[0m   [0;1mDROP DATABASE IF EXISTS `engine_test_railfrog_test`[0m
  [4;35;1mSQL (0.1ms)[0m   [0mCREATE DATABASE `engine_test_railfrog_test` DEFAULT CHARACTER SET `utf8`[0m
  [4;36;1mSQL (0.0ms)[0m   [0;1mSET NAMES 'utf8'[0m
  [4;35;1mSQL (0.0ms)[0m   [0mSET SQL_AUTO_IS_NULL=0[0m
  [4;36;1mSQL (0.1ms)[0m   [0;1mSHOW TABLES[0m
  [4;35;1mSQL (2.9ms)[0m   [0mCREATE TABLE `chunk_versions` (`id` int(11) DEFAULT NULL auto_increment PRIMARY KEY, `chunk_id` int(11), `version` int(11), `base_version` int(11), `content` blob(16777215), `created_at` datetime, `updated_at` datetime, `comments` varchar(255)) ENGINE=InnoDB[0m
  [4;36;1mSQL (4.5ms)[0m   [0;1mCREATE INDEX `chunk_versions_chunk_id_index` ON `chunk_versions` (`chunk_id`)[0m
  [4;35;1mSQL (5.1ms)[0m   [0mCREATE INDEX `chunk_versions_version_index` ON `chunk_versions` (`version`)[0m
  [4;36;1mSQL (0.2ms)[0m   [0;1mSHOW TABLES[0m
  [4;35;1mSQL (2.0ms)[0m   [0mCREATE TABLE `chunks` (`id` int(11) DEFAULT NULL auto_increment PRIMARY KEY, `description` varchar(255), `live_version` int(11), `mime_type_id` int(11), `mime_type_str` varchar(100) DEFAULT '') ENGINE=InnoDB[0m
  [4;36;1mSQL (5.0ms)[0m   [0;1mCREATE INDEX `chunks_mime_type_id_index` ON `chunks` (`mime_type_id`)[0m
  [4;35;1mSQL (0.1ms)[0m   [0mSHOW TABLES[0m
  [4;36;1mSQL (2.0ms)[0m   [0;1mCREATE TABLE `file_extensions` (`id` int(11) DEFAULT NULL auto_increment PRIMARY KEY, `extension` varchar(255), `mime_type_id` int(11)) ENGINE=InnoDB[0m
  [4;35;1mSQL (4.0ms)[0m   [0mCREATE INDEX `file_extensions_mime_type_id_index` ON `file_extensions` (`mime_type_id`)[0m
  [4;36;1mSQL (0.1ms)[0m   [0;1mSHOW TABLES[0m
  [4;35;1mSQL (2.4ms)[0m   [0mCREATE TABLE `mapping_labels` (`id` int(11) DEFAULT NULL auto_increment PRIMARY KEY, `site_mapping_id` int(11), `name` varchar(255), `value` varchar(255)) ENGINE=InnoDB[0m
  [4;36;1mSQL (3.9ms)[0m   [0;1mCREATE INDEX `mapping_labels_site_mapping_id_index` ON `mapping_labels` (`site_mapping_id`)[0m
  [4;35;1mSQL (0.1ms)[0m   [0mSHOW TABLES[0m
  [4;36;1mSQL (1.7ms)[0m   [0;1mCREATE TABLE `mime_types` (`id` int(11) DEFAULT NULL auto_increment PRIMARY KEY, `mime_type` varchar(255), `description` varchar(255)) ENGINE=InnoDB[0m
  [4;35;1mSQL (3.5ms)[0m   [0mCREATE INDEX `mime_types_mime_type_index` ON `mime_types` (`mime_type`)[0m
  [4;36;1mSQL (0.1ms)[0m   [0;1mSHOW TABLES[0m
  [4;35;1mSQL (3.0ms)[0m   [0mCREATE TABLE `site_mappings` (`id` int(11) DEFAULT NULL auto_increment PRIMARY KEY, `path_segment` varchar(255) DEFAULT '' NOT NULL, `chunk_id` int(11), `version` int(11), `updated_at` datetime, `root_id` int(11), `parent_id` int(11), `depth` int(11), `lft` int(11), `rgt` int(11), `is_internal` tinyint(1) DEFAULT 0) ENGINE=InnoDB[0m
  [4;36;1mSQL (4.2ms)[0m   [0;1mCREATE INDEX `site_mappings_chunk_id_index` ON `site_mappings` (`chunk_id`)[0m
  [4;35;1mSQL (4.4ms)[0m   [0mCREATE INDEX `site_mappings_depth_index` ON `site_mappings` (`depth`)[0m
  [4;36;1mSQL (4.3ms)[0m   [0;1mCREATE INDEX `site_mappings_lft_index` ON `site_mappings` (`lft`, `rgt`)[0m
  [4;35;1mSQL (4.4ms)[0m   [0mCREATE INDEX `site_mappings_parent_id_index` ON `site_mappings` (`parent_id`)[0m
  [4;36;1mSQL (5.3ms)[0m   [0;1mCREATE INDEX `site_mappings_path_segment_index` ON `site_mappings` (`path_segment`, `version`)[0m
  [4;35;1mSQL (0.2ms)[0m   [0mSHOW TABLES[0m
  [4;36;1mSQL (1.7ms)[0m   [0;1mCREATE TABLE `users` (`id` int(11) DEFAULT NULL auto_increment PRIMARY KEY, `first_name` varchar(255) DEFAULT '' NOT NULL, `last_name` varchar(255) DEFAULT '' NOT NULL, `email` varchar(255) DEFAULT '' NOT NULL, `password` varchar(40) DEFAULT '' NOT NULL, `created_at` datetime NOT NULL, `updated_at` datetime NOT NULL) ENGINE=InnoDB[0m
  [4;35;1mSQL (0.2ms)[0m   [0mSHOW TABLES[0m
  [4;36;1mSQL (2.0ms)[0m   [0;1mCREATE TABLE `schema_migrations` (`version` varchar(255) NOT NULL) ENGINE=InnoDB[0m
  [4;35;1mSQL (3.9ms)[0m   [0mCREATE UNIQUE INDEX `unique_schema_migrations` ON `schema_migrations` (`version`)[0m
  [4;36;1mSQL (0.2ms)[0m   [0;1mSHOW TABLES[0m
  [4;35;1mSQL (0.1ms)[0m   [0mSELECT version FROM `schema_migrations`[0m
  [4;36;1mSQL (0.3ms)[0m   [0;1mINSERT INTO `schema_migrations` (version) VALUES ('6')[0m
  [4;36;1mSQL (0.1ms)[0m   [0;1mSET NAMES 'utf8'[0m
  [4;35;1mSQL (0.0ms)[0m   [0mSET SQL_AUTO_IS_NULL=0[0m
  [4;36;1mSQL (0.2ms)[0m   [0;1mSHOW TABLES[0m
  [4;35;1mSQL (0.1ms)[0m   [0mSELECT version FROM schema_migrations[0m
  [4;36;1mSQL (0.0ms)[0m   [0;1mSET NAMES 'utf8'[0m
  [4;35;1mSQL (0.0ms)[0m   [0mSET SQL_AUTO_IS_NULL=0[0m
  [4;36;1mSQL (44.6ms)[0m   [0;1mDROP DATABASE IF EXISTS `engine_test_railfrog_test`[0m
  [4;35;1mSQL (0.1ms)[0m   [0mCREATE DATABASE `engine_test_railfrog_test` DEFAULT CHARACTER SET `utf8`[0m
  [4;36;1mSQL (0.1ms)[0m   [0;1mSET NAMES 'utf8'[0m
  [4;35;1mSQL (0.0ms)[0m   [0mSET SQL_AUTO_IS_NULL=0[0m
  [4;36;1mSQL (0.1ms)[0m   [0;1mSHOW TABLES[0m
  [4;35;1mSQL (2.6ms)[0m   [0mCREATE TABLE `chunk_versions` (`id` int(11) DEFAULT NULL auto_increment PRIMARY KEY, `chunk_id` int(11), `version` int(11), `base_version` int(11), `content` blob(16777215), `created_at` datetime, `updated_at` datetime, `comments` varchar(255)) ENGINE=InnoDB[0m
  [4;36;1mSQL (4.4ms)[0m   [0;1mCREATE INDEX `chunk_versions_chunk_id_index` ON `chunk_versions` (`chunk_id`)[0m
  [4;35;1mSQL (4.9ms)[0m   [0mCREATE INDEX `chunk_versions_version_index` ON `chunk_versions` (`version`)[0m
  [4;36;1mSQL (0.1ms)[0m   [0;1mSHOW TABLES[0m
  [4;35;1mSQL (2.0ms)[0m   [0mCREATE TABLE `chunks` (`id` int(11) DEFAULT NULL auto_increment PRIMARY KEY, `description` varchar(255), `live_version` int(11), `mime_type_id` int(11), `mime_type_str` varchar(100) DEFAULT '') ENGINE=InnoDB[0m
  [4;36;1mSQL (4.1ms)[0m   [0;1mCREATE INDEX `chunks_mime_type_id_index` ON `chunks` (`mime_type_id`)[0m
  [4;35;1mSQL (0.1ms)[0m   [0mSHOW TABLES[0m
  [4;36;1mSQL (2.4ms)[0m   [0;1mCREATE TABLE `file_extensions` (`id` int(11) DEFAULT NULL auto_increment PRIMARY KEY, `extension` varchar(255), `mime_type_id` int(11)) ENGINE=InnoDB[0m
  [4;35;1mSQL (4.8ms)[0m   [0mCREATE INDEX `file_extensions_mime_type_id_index` ON `file_extensions` (`mime_type_id`)[0m
  [4;36;1mSQL (0.1ms)[0m   [0;1mSHOW TABLES[0m
  [4;35;1mSQL (2.8ms)[0m   [0mCREATE TABLE `mapping_labels` (`id` int(11) DEFAULT NULL auto_increment PRIMARY KEY, `site_mapping_id` int(11), `name` varchar(255), `value` varchar(255)) ENGINE=InnoDB[0m
  [4;36;1mSQL (4.2ms)[0m   [0;1mCREATE INDEX `mapping_labels_site_mapping_id_index` ON `mapping_labels` (`site_mapping_id`)[0m
  [4;35;1mSQL (0.2ms)[0m   [0mSHOW TABLES[0m
  [4;36;1mSQL (2.4ms)[0m   [0;1mCREATE TABLE `mime_types` (`id` int(11) DEFAULT NULL auto_increment PRIMARY KEY, `mime_type` varchar(255), `description` varchar(255)) ENGINE=InnoDB[0m
  [4;35;1mSQL (4.0ms)[0m   [0mCREATE INDEX `mime_types_mime_type_index` ON `mime_types` (`mime_type`)[0m
  [4;36;1mSQL (0.2ms)[0m   [0;1mSHOW TABLES[0m
  [4;35;1mSQL (2.7ms)[0m   [0mCREATE TABLE `site_mappings` (`id` int(11) DEFAULT NULL auto_increment PRIMARY KEY, `path_segment` varchar(255) DEFAULT '' NOT NULL, `chunk_id` int(11), `version` int(11), `updated_at` datetime, `root_id` int(11), `parent_id` int(11), `depth` int(11), `lft` int(11), `rgt` int(11), `is_internal` tinyint(1) DEFAULT 0) ENGINE=InnoDB[0m
  [4;36;1mSQL (4.6ms)[0m   [0;1mCREATE INDEX `site_mappings_chunk_id_index` ON `site_mappings` (`chunk_id`)[0m
  [4;35;1mSQL (6.8ms)[0m   [0mCREATE INDEX `site_mappings_depth_index` ON `site_mappings` (`depth`)[0m
  [4;36;1mSQL (4.2ms)[0m   [0;1mCREATE INDEX `site_mappings_lft_index` ON `site_mappings` (`lft`, `rgt`)[0m
  [4;35;1mSQL (4.7ms)[0m   [0mCREATE INDEX `site_mappings_parent_id_index` ON `site_mappings` (`parent_id`)[0m
  [4;36;1mSQL (4.5ms)[0m   [0;1mCREATE INDEX `site_mappings_path_segment_index` ON `site_mappings` (`path_segment`, `version`)[0m
  [4;35;1mSQL (0.2ms)[0m   [0mSHOW TABLES[0m
  [4;36;1mSQL (2.2ms)[0m   [0;1mCREATE TABLE `users` (`id` int(11) DEFAULT NULL auto_increment PRIMARY KEY, `first_name` varchar(255) DEFAULT '' NOT NULL, `last_name` varchar(255) DEFAULT '' NOT NULL, `email` varchar(255) DEFAULT '' NOT NULL, `password` varchar(40) DEFAULT '' NOT NULL, `created_at` datetime NOT NULL, `updated_at` datetime NOT NULL) ENGINE=InnoDB[0m
  [4;35;1mSQL (0.2ms)[0m   [0mSHOW TABLES[0m
  [4;36;1mSQL (2.0ms)[0m   [0;1mCREATE TABLE `schema_migrations` (`version` varchar(255) NOT NULL) ENGINE=InnoDB[0m
  [4;35;1mSQL (3.8ms)[0m   [0mCREATE UNIQUE INDEX `unique_schema_migrations` ON `schema_migrations` (`version`)[0m
  [4;36;1mSQL (0.2ms)[0m   [0;1mSHOW TABLES[0m
  [4;35;1mSQL (0.1ms)[0m   [0mSELECT version FROM `schema_migrations`[0m
  [4;36;1mSQL (0.3ms)[0m   [0;1mINSERT INTO `schema_migrations` (version) VALUES ('6')[0m
  [4;36;1mSQL (0.1ms)[0m   [0;1mSET NAMES 'utf8'[0m
  [4;35;1mSQL (0.0ms)[0m   [0mSET SQL_AUTO_IS_NULL=0[0m
  [4;36;1mSQL (0.1ms)[0m   [0;1mSET NAMES 'utf8'[0m
  [4;35;1mSQL (0.0ms)[0m   [0mSET SQL_AUTO_IS_NULL=0[0m
  [4;36;1mSQL (0.3ms)[0m   [0;1mSHOW TABLES[0m
  [4;35;1mSQL (0.1ms)[0m   [0mSELECT version FROM schema_migrations[0m
  [4;36;1mSQL (0.1ms)[0m   [0;1mSET NAMES 'utf8'[0m
  [4;35;1mSQL (0.0ms)[0m   [0mSET SQL_AUTO_IS_NULL=0[0m
  [4;36;1mSQL (10.9ms)[0m   [0;1mDROP DATABASE IF EXISTS `engine_test_railfrog_test`[0m
  [4;35;1mSQL (0.1ms)[0m   [0mCREATE DATABASE `engine_test_railfrog_test` DEFAULT CHARACTER SET `utf8`[0m
  [4;36;1mSQL (0.1ms)[0m   [0;1mSET NAMES 'utf8'[0m
  [4;35;1mSQL (0.0ms)[0m   [0mSET SQL_AUTO_IS_NULL=0[0m
  [4;36;1mSQL (0.1ms)[0m   [0;1mSHOW TABLES[0m
  [4;35;1mSQL (2.4ms)[0m   [0mCREATE TABLE `chunk_versions` (`id` int(11) DEFAULT NULL auto_increment PRIMARY KEY, `chunk_id` int(11), `version` int(11), `base_version` int(11), `content` blob(16777215), `created_at` datetime, `updated_at` datetime, `comments` varchar(255)) ENGINE=InnoDB[0m
  [4;36;1mSQL (6.7ms)[0m   [0;1mCREATE INDEX `chunk_versions_chunk_id_index` ON `chunk_versions` (`chunk_id`)[0m
  [4;35;1mSQL (4.1ms)[0m   [0mCREATE INDEX `chunk_versions_version_index` ON `chunk_versions` (`version`)[0m
  [4;36;1mSQL (0.1ms)[0m   [0;1mSHOW TABLES[0m
  [4;35;1mSQL (1.9ms)[0m   [0mCREATE TABLE `chunks` (`id` int(11) DEFAULT NULL auto_increment PRIMARY KEY, `description` varchar(255), `live_version` int(11), `mime_type_id` int(11), `mime_type_str` varchar(100) DEFAULT '') ENGINE=InnoDB[0m
  [4;36;1mSQL (4.8ms)[0m   [0;1mCREATE INDEX `chunks_mime_type_id_index` ON `chunks` (`mime_type_id`)[0m
  [4;35;1mSQL (0.1ms)[0m   [0mSHOW TABLES[0m
  [4;36;1mSQL (1.7ms)[0m   [0;1mCREATE TABLE `file_extensions` (`id` int(11) DEFAULT NULL auto_increment PRIMARY KEY, `extension` varchar(255), `mime_type_id` int(11)) ENGINE=InnoDB[0m
  [4;35;1mSQL (3.4ms)[0m   [0mCREATE INDEX `file_extensions_mime_type_id_index` ON `file_extensions` (`mime_type_id`)[0m
  [4;36;1mSQL (0.1ms)[0m   [0;1mSHOW TABLES[0m
  [4;35;1mSQL (2.1ms)[0m   [0mCREATE TABLE `mapping_labels` (`id` int(11) DEFAULT NULL auto_increment PRIMARY KEY, `site_mapping_id` int(11), `name` varchar(255), `value` varchar(255)) ENGINE=InnoDB[0m
  [4;36;1mSQL (3.6ms)[0m   [0;1mCREATE INDEX `mapping_labels_site_mapping_id_index` ON `mapping_labels` (`site_mapping_id`)[0m
  [4;35;1mSQL (0.1ms)[0m   [0mSHOW TABLES[0m
  [4;36;1mSQL (1.9ms)[0m   [0;1mCREATE TABLE `mime_types` (`id` int(11) DEFAULT NULL auto_increment PRIMARY KEY, `mime_type` varchar(255), `description` varchar(255)) ENGINE=InnoDB[0m
  [4;35;1mSQL (5.0ms)[0m   [0mCREATE INDEX `mime_types_mime_type_index` ON `mime_types` (`mime_type`)[0m
  [4;36;1mSQL (0.7ms)[0m   [0;1mSHOW TABLES[0m
  [4;35;1mSQL (2.3ms)[0m   [0mCREATE TABLE `site_mappings` (`id` int(11) DEFAULT NULL auto_increment PRIMARY KEY, `path_segment` varchar(255) DEFAULT '' NOT NULL, `chunk_id` int(11), `version` int(11), `updated_at` datetime, `root_id` int(11), `parent_id` int(11), `depth` int(11), `lft` int(11), `rgt` int(11), `is_internal` tinyint(1) DEFAULT 0) ENGINE=InnoDB[0m
  [4;36;1mSQL (4.0ms)[0m   [0;1mCREATE INDEX `site_mappings_chunk_id_index` ON `site_mappings` (`chunk_id`)[0m
  [4;35;1mSQL (4.1ms)[0m   [0mCREATE INDEX `site_mappings_depth_index` ON `site_mappings` (`depth`)[0m
  [4;36;1mSQL (4.1ms)[0m   [0;1mCREATE INDEX `site_mappings_lft_index` ON `site_mappings` (`lft`, `rgt`)[0m
  [4;35;1mSQL (5.4ms)[0m   [0mCREATE INDEX `site_mappings_parent_id_index` ON `site_mappings` (`parent_id`)[0m
  [4;36;1mSQL (51.3ms)[0m   [0;1mCREATE INDEX `site_mappings_path_segment_index` ON `site_mappings` (`path_segment`, `version`)[0m
  [4;35;1mSQL (0.2ms)[0m   [0mSHOW TABLES[0m
  [4;36;1mSQL (2.6ms)[0m   [0;1mCREATE TABLE `users` (`id` int(11) DEFAULT NULL auto_increment PRIMARY KEY, `first_name` varchar(255) DEFAULT '' NOT NULL, `last_name` varchar(255) DEFAULT '' NOT NULL, `email` varchar(255) DEFAULT '' NOT NULL, `password` varchar(40) DEFAULT '' NOT NULL, `created_at` datetime NOT NULL, `updated_at` datetime NOT NULL) ENGINE=InnoDB[0m
  [4;35;1mSQL (0.2ms)[0m   [0mSHOW TABLES[0m
  [4;36;1mSQL (2.1ms)[0m   [0;1mCREATE TABLE `schema_migrations` (`version` varchar(255) NOT NULL) ENGINE=InnoDB[0m
  [4;35;1mSQL (4.2ms)[0m   [0mCREATE UNIQUE INDEX `unique_schema_migrations` ON `schema_migrations` (`version`)[0m
  [4;36;1mSQL (0.2ms)[0m   [0;1mSHOW TABLES[0m
  [4;35;1mSQL (0.1ms)[0m   [0mSELECT version FROM `schema_migrations`[0m
  [4;36;1mSQL (0.3ms)[0m   [0;1mINSERT INTO `schema_migrations` (version) VALUES ('6')[0m
  [4;36;1mSQL (0.1ms)[0m   [0;1mSET NAMES 'utf8'[0m
  [4;35;1mSQL (0.0ms)[0m   [0mSET SQL_AUTO_IS_NULL=0[0m
  [4;36;1mSQL (0.3ms)[0m   [0;1mSHOW TABLES[0m
  [4;35;1mSQL (0.1ms)[0m   [0mSELECT version FROM schema_migrations[0m
  [4;36;1mSQL (0.0ms)[0m   [0;1mSET NAMES 'utf8'[0m
  [4;35;1mSQL (0.2ms)[0m   [0mSET SQL_AUTO_IS_NULL=0[0m
  [4;36;1mSQL (40.1ms)[0m   [0;1mDROP DATABASE IF EXISTS `engine_test_railfrog_test`[0m
  [4;35;1mSQL (0.1ms)[0m   [0mCREATE DATABASE `engine_test_railfrog_test` DEFAULT CHARACTER SET `utf8`[0m
  [4;36;1mSQL (0.0ms)[0m   [0;1mSET NAMES 'utf8'[0m
  [4;35;1mSQL (0.0ms)[0m   [0mSET SQL_AUTO_IS_NULL=0[0m
  [4;36;1mSQL (0.1ms)[0m   [0;1mSHOW TABLES[0m
  [4;35;1mSQL (2.6ms)[0m   [0mCREATE TABLE `chunk_versions` (`id` int(11) DEFAULT NULL auto_increment PRIMARY KEY, `chunk_id` int(11), `version` int(11), `base_version` int(11), `content` blob(16777215), `created_at` datetime, `updated_at` datetime, `comments` varchar(255)) ENGINE=InnoDB[0m
  [4;36;1mSQL (6.4ms)[0m   [0;1mCREATE INDEX `chunk_versions_chunk_id_index` ON `chunk_versions` (`chunk_id`)[0m
  [4;35;1mSQL (4.7ms)[0m   [0mCREATE INDEX `chunk_versions_version_index` ON `chunk_versions` (`version`)[0m
  [4;36;1mSQL (0.1ms)[0m   [0;1mSHOW TABLES[0m
  [4;35;1mSQL (2.1ms)[0m   [0mCREATE TABLE `chunks` (`id` int(11) DEFAULT NULL auto_increment PRIMARY KEY, `description` varchar(255), `live_version` int(11), `mime_type_id` int(11), `mime_type_str` varchar(100) DEFAULT '') ENGINE=InnoDB[0m
  [4;36;1mSQL (5.6ms)[0m   [0;1mCREATE INDEX `chunks_mime_type_id_index` ON `chunks` (`mime_type_id`)[0m
  [4;35;1mSQL (0.2ms)[0m   [0mSHOW TABLES[0m
  [4;36;1mSQL (2.0ms)[0m   [0;1mCREATE TABLE `file_extensions` (`id` int(11) DEFAULT NULL auto_increment PRIMARY KEY, `extension` varchar(255), `mime_type_id` int(11)) ENGINE=InnoDB[0m
  [4;35;1mSQL (9.3ms)[0m   [0mCREATE INDEX `file_extensions_mime_type_id_index` ON `file_extensions` (`mime_type_id`)[0m
  [4;36;1mSQL (0.2ms)[0m   [0;1mSHOW TABLES[0m
  [4;35;1mSQL (2.3ms)[0m   [0mCREATE TABLE `mapping_labels` (`id` int(11) DEFAULT NULL auto_increment PRIMARY KEY, `site_mapping_id` int(11), `name` varchar(255), `value` varchar(255)) ENGINE=InnoDB[0m
  [4;36;1mSQL (4.1ms)[0m   [0;1mCREATE INDEX `mapping_labels_site_mapping_id_index` ON `mapping_labels` (`site_mapping_id`)[0m
  [4;35;1mSQL (0.1ms)[0m   [0mSHOW TABLES[0m
  [4;36;1mSQL (2.1ms)[0m   [0;1mCREATE TABLE `mime_types` (`id` int(11) DEFAULT NULL auto_increment PRIMARY KEY, `mime_type` varchar(255), `description` varchar(255)) ENGINE=InnoDB[0m
  [4;35;1mSQL (4.4ms)[0m   [0mCREATE INDEX `mime_types_mime_type_index` ON `mime_types` (`mime_type`)[0m
  [4;36;1mSQL (0.2ms)[0m   [0;1mSHOW TABLES[0m
  [4;35;1mSQL (2.4ms)[0m   [0mCREATE TABLE `site_mappings` (`id` int(11) DEFAULT NULL auto_increment PRIMARY KEY, `path_segment` varchar(255) DEFAULT '' NOT NULL, `chunk_id` int(11), `version` int(11), `updated_at` datetime, `root_id` int(11), `parent_id` int(11), `depth` int(11), `lft` int(11), `rgt` int(11), `is_internal` tinyint(1) DEFAULT 0) ENGINE=InnoDB[0m
  [4;36;1mSQL (10.6ms)[0m   [0;1mCREATE INDEX `site_mappings_chunk_id_index` ON `site_mappings` (`chunk_id`)[0m
  [4;35;1mSQL (5.5ms)[0m   [0mCREATE INDEX `site_mappings_depth_index` ON `site_mappings` (`depth`)[0m
  [4;36;1mSQL (5.0ms)[0m   [0;1mCREATE INDEX `site_mappings_lft_index` ON `site_mappings` (`lft`, `rgt`)[0m
  [4;35;1mSQL (4.2ms)[0m   [0mCREATE INDEX `site_mappings_parent_id_index` ON `site_mappings` (`parent_id`)[0m
  [4;36;1mSQL (4.4ms)[0m   [0;1mCREATE INDEX `site_mappings_path_segment_index` ON `site_mappings` (`path_segment`, `version`)[0m
  [4;35;1mSQL (0.2ms)[0m   [0mSHOW TABLES[0m
  [4;36;1mSQL (1.8ms)[0m   [0;1mCREATE TABLE `users` (`id` int(11) DEFAULT NULL auto_increment PRIMARY KEY, `first_name` varchar(255) DEFAULT '' NOT NULL, `last_name` varchar(255) DEFAULT '' NOT NULL, `email` varchar(255) DEFAULT '' NOT NULL, `password` varchar(40) DEFAULT '' NOT NULL, `created_at` datetime NOT NULL, `updated_at` datetime NOT NULL) ENGINE=InnoDB[0m
  [4;35;1mSQL (0.1ms)[0m   [0mSHOW TABLES[0m
  [4;36;1mSQL (1.9ms)[0m   [0;1mCREATE TABLE `schema_migrations` (`version` varchar(255) NOT NULL) ENGINE=InnoDB[0m
  [4;35;1mSQL (3.7ms)[0m   [0mCREATE UNIQUE INDEX `unique_schema_migrations` ON `schema_migrations` (`version`)[0m
  [4;36;1mSQL (0.2ms)[0m   [0;1mSHOW TABLES[0m
  [4;35;1mSQL (0.2ms)[0m   [0mSELECT version FROM `schema_migrations`[0m
  [4;36;1mSQL (2.2ms)[0m   [0;1mINSERT INTO `schema_migrations` (version) VALUES ('6')[0m
  [4;36;1mSQL (0.1ms)[0m   [0;1mSET NAMES 'utf8'[0m
  [4;35;1mSQL (0.0ms)[0m   [0mSET SQL_AUTO_IS_NULL=0[0m
  [4;36;1mSQL (0.2ms)[0m   [0;1mSHOW TABLES[0m
  [4;35;1mSQL (0.1ms)[0m   [0mSELECT version FROM schema_migrations[0m
  [4;36;1mSQL (0.0ms)[0m   [0;1mSET NAMES 'utf8'[0m
  [4;35;1mSQL (0.0ms)[0m   [0mSET SQL_AUTO_IS_NULL=0[0m
  [4;36;1mSQL (33.0ms)[0m   [0;1mDROP DATABASE IF EXISTS `engine_test_railfrog_test`[0m
  [4;35;1mSQL (0.1ms)[0m   [0mCREATE DATABASE `engine_test_railfrog_test` DEFAULT CHARACTER SET `utf8`[0m
  [4;36;1mSQL (0.0ms)[0m   [0;1mSET NAMES 'utf8'[0m
  [4;35;1mSQL (0.0ms)[0m   [0mSET SQL_AUTO_IS_NULL=0[0m
  [4;36;1mSQL (0.1ms)[0m   [0;1mSHOW TABLES[0m
  [4;35;1mSQL (2.8ms)[0m   [0mCREATE TABLE `chunk_versions` (`id` int(11) DEFAULT NULL auto_increment PRIMARY KEY, `chunk_id` int(11), `version` int(11), `base_version` int(11), `content` blob(16777215), `created_at` datetime, `updated_at` datetime, `comments` varchar(255)) ENGINE=InnoDB[0m
  [4;36;1mSQL (4.6ms)[0m   [0;1mCREATE INDEX `chunk_versions_chunk_id_index` ON `chunk_versions` (`chunk_id`)[0m
  [4;35;1mSQL (4.4ms)[0m   [0mCREATE INDEX `chunk_versions_version_index` ON `chunk_versions` (`version`)[0m
  [4;36;1mSQL (0.1ms)[0m   [0;1mSHOW TABLES[0m
  [4;35;1mSQL (3.0ms)[0m   [0mCREATE TABLE `chunks` (`id` int(11) DEFAULT NULL auto_increment PRIMARY KEY, `description` varchar(255), `live_version` int(11), `mime_type_id` int(11), `mime_type_str` varchar(100) DEFAULT '') ENGINE=InnoDB[0m
  [4;36;1mSQL (5.6ms)[0m   [0;1mCREATE INDEX `chunks_mime_type_id_index` ON `chunks` (`mime_type_id`)[0m
  [4;35;1mSQL (0.2ms)[0m   [0mSHOW TABLES[0m
  [4;36;1mSQL (2.7ms)[0m   [0;1mCREATE TABLE `file_extensions` (`id` int(11) DEFAULT NULL auto_increment PRIMARY KEY, `extension` varchar(255), `mime_type_id` int(11)) ENGINE=InnoDB[0m
  [4;35;1mSQL (3.7ms)[0m   [0mCREATE INDEX `file_extensions_mime_type_id_index` ON `file_extensions` (`mime_type_id`)[0m
  [4;36;1mSQL (0.2ms)[0m   [0;1mSHOW TABLES[0m
  [4;35;1mSQL (2.5ms)[0m   [0mCREATE TABLE `mapping_labels` (`id` int(11) DEFAULT NULL auto_increment PRIMARY KEY, `site_mapping_id` int(11), `name` varchar(255), `value` varchar(255)) ENGINE=InnoDB[0m
  [4;36;1mSQL (3.8ms)[0m   [0;1mCREATE INDEX `mapping_labels_site_mapping_id_index` ON `mapping_labels` (`site_mapping_id`)[0m
  [4;35;1mSQL (0.1ms)[0m   [0mSHOW TABLES[0m
  [4;36;1mSQL (2.2ms)[0m   [0;1mCREATE TABLE `mime_types` (`id` int(11) DEFAULT NULL auto_increment PRIMARY KEY, `mime_type` varchar(255), `description` varchar(255)) ENGINE=InnoDB[0m
  [4;35;1mSQL (3.9ms)[0m   [0mCREATE INDEX `mime_types_mime_type_index` ON `mime_types` (`mime_type`)[0m
  [4;36;1mSQL (0.1ms)[0m   [0;1mSHOW TABLES[0m
  [4;35;1mSQL (3.1ms)[0m   [0mCREATE TABLE `site_mappings` (`id` int(11) DEFAULT NULL auto_increment PRIMARY KEY, `path_segment` varchar(255) DEFAULT '' NOT NULL, `chunk_id` int(11), `version` int(11), `updated_at` datetime, `root_id` int(11), `parent_id` int(11), `depth` int(11), `lft` int(11), `rgt` int(11), `is_internal` tinyint(1) DEFAULT 0) ENGINE=InnoDB[0m
  [4;36;1mSQL (10.9ms)[0m   [0;1mCREATE INDEX `site_mappings_chunk_id_index` ON `site_mappings` (`chunk_id`)[0m
  [4;35;1mSQL (4.1ms)[0m   [0mCREATE INDEX `site_mappings_depth_index` ON `site_mappings` (`depth`)[0m
  [4;36;1mSQL (4.8ms)[0m   [0;1mCREATE INDEX `site_mappings_lft_index` ON `site_mappings` (`lft`, `rgt`)[0m
  [4;35;1mSQL (4.3ms)[0m   [0mCREATE INDEX `site_mappings_parent_id_index` ON `site_mappings` (`parent_id`)[0m
  [4;36;1mSQL (4.4ms)[0m   [0;1mCREATE INDEX `site_mappings_path_segment_index` ON `site_mappings` (`path_segment`, `version`)[0m
  [4;35;1mSQL (0.2ms)[0m   [0mSHOW TABLES[0m
  [4;36;1mSQL (2.2ms)[0m   [0;1mCREATE TABLE `users` (`id` int(11) DEFAULT NULL auto_increment PRIMARY KEY, `first_name` varchar(255) DEFAULT '' NOT NULL, `last_name` varchar(255) DEFAULT '' NOT NULL, `email` varchar(255) DEFAULT '' NOT NULL, `password` varchar(40) DEFAULT '' NOT NULL, `created_at` datetime NOT NULL, `updated_at` datetime NOT NULL) ENGINE=InnoDB[0m
  [4;35;1mSQL (0.2ms)[0m   [0mSHOW TABLES[0m
  [4;36;1mSQL (1.7ms)[0m   [0;1mCREATE TABLE `schema_migrations` (`version` varchar(255) NOT NULL) ENGINE=InnoDB[0m
  [4;35;1mSQL (4.1ms)[0m   [0mCREATE UNIQUE INDEX `unique_schema_migrations` ON `schema_migrations` (`version`)[0m
  [4;36;1mSQL (0.2ms)[0m   [0;1mSHOW TABLES[0m
  [4;35;1mSQL (0.1ms)[0m   [0mSELECT version FROM `schema_migrations`[0m
  [4;36;1mSQL (0.3ms)[0m   [0;1mINSERT INTO `schema_migrations` (version) VALUES ('6')[0m
  [4;36;1mSQL (0.1ms)[0m   [0;1mSET NAMES 'utf8'[0m
  [4;35;1mSQL (0.0ms)[0m   [0mSET SQL_AUTO_IS_NULL=0[0m
  [4;36;1mSQL (0.2ms)[0m   [0;1mSHOW TABLES[0m
  [4;35;1mSQL (0.1ms)[0m   [0mSELECT version FROM schema_migrations[0m
  [4;36;1mSQL (0.1ms)[0m   [0;1mSET NAMES 'utf8'[0m
  [4;35;1mSQL (0.0ms)[0m   [0mSET SQL_AUTO_IS_NULL=0[0m
  [4;36;1mSQL (52.0ms)[0m   [0;1mDROP DATABASE IF EXISTS `engine_test_railfrog_test`[0m
  [4;35;1mSQL (0.1ms)[0m   [0mCREATE DATABASE `engine_test_railfrog_test` DEFAULT CHARACTER SET `utf8`[0m
  [4;36;1mSQL (0.0ms)[0m   [0;1mSET NAMES 'utf8'[0m
  [4;35;1mSQL (0.0ms)[0m   [0mSET SQL_AUTO_IS_NULL=0[0m
  [4;36;1mSQL (0.1ms)[0m   [0;1mSHOW TABLES[0m
  [4;35;1mSQL (2.7ms)[0m   [0mCREATE TABLE `chunk_versions` (`id` int(11) DEFAULT NULL auto_increment PRIMARY KEY, `chunk_id` int(11), `version` int(11), `base_version` int(11), `content` blob(16777215), `created_at` datetime, `updated_at` datetime, `comments` varchar(255)) ENGINE=InnoDB[0m
  [4;36;1mSQL (4.8ms)[0m   [0;1mCREATE INDEX `chunk_versions_chunk_id_index` ON `chunk_versions` (`chunk_id`)[0m
  [4;35;1mSQL (4.0ms)[0m   [0mCREATE INDEX `chunk_versions_version_index` ON `chunk_versions` (`version`)[0m
  [4;36;1mSQL (0.1ms)[0m   [0;1mSHOW TABLES[0m
  [4;35;1mSQL (3.1ms)[0m   [0mCREATE TABLE `chunks` (`id` int(11) DEFAULT NULL auto_increment PRIMARY KEY, `description` varchar(255), `live_version` int(11), `mime_type_id` int(11), `mime_type_str` varchar(100) DEFAULT '') ENGINE=InnoDB[0m
  [4;36;1mSQL (7.0ms)[0m   [0;1mCREATE INDEX `chunks_mime_type_id_index` ON `chunks` (`mime_type_id`)[0m
  [4;35;1mSQL (0.1ms)[0m   [0mSHOW TABLES[0m
  [4;36;1mSQL (2.2ms)[0m   [0;1mCREATE TABLE `file_extensions` (`id` int(11) DEFAULT NULL auto_increment PRIMARY KEY, `extension` varchar(255), `mime_type_id` int(11)) ENGINE=InnoDB[0m
  [4;35;1mSQL (8.1ms)[0m   [0mCREATE INDEX `file_extensions_mime_type_id_index` ON `file_extensions` (`mime_type_id`)[0m
  [4;36;1mSQL (0.3ms)[0m   [0;1mSHOW TABLES[0m
  [4;35;1mSQL (2.8ms)[0m   [0mCREATE TABLE `mapping_labels` (`id` int(11) DEFAULT NULL auto_increment PRIMARY KEY, `site_mapping_id` int(11), `name` varchar(255), `value` varchar(255)) ENGINE=InnoDB[0m
  [4;36;1mSQL (4.5ms)[0m   [0;1mCREATE INDEX `mapping_labels_site_mapping_id_index` ON `mapping_labels` (`site_mapping_id`)[0m
  [4;35;1mSQL (0.2ms)[0m   [0mSHOW TABLES[0m
  [4;36;1mSQL (2.1ms)[0m   [0;1mCREATE TABLE `mime_types` (`id` int(11) DEFAULT NULL auto_increment PRIMARY KEY, `mime_type` varchar(255), `description` varchar(255)) ENGINE=InnoDB[0m
  [4;35;1mSQL (4.5ms)[0m   [0mCREATE INDEX `mime_types_mime_type_index` ON `mime_types` (`mime_type`)[0m
  [4;36;1mSQL (0.1ms)[0m   [0;1mSHOW TABLES[0m
  [4;35;1mSQL (2.1ms)[0m   [0mCREATE TABLE `site_mappings` (`id` int(11) DEFAULT NULL auto_increment PRIMARY KEY, `path_segment` varchar(255) DEFAULT '' NOT NULL, `chunk_id` int(11), `version` int(11), `updated_at` datetime, `root_id` int(11), `parent_id` int(11), `depth` int(11), `lft` int(11), `rgt` int(11), `is_internal` tinyint(1) DEFAULT 0) ENGINE=InnoDB[0m
  [4;36;1mSQL (4.9ms)[0m   [0;1mCREATE INDEX `site_mappings_chunk_id_index` ON `site_mappings` (`chunk_id`)[0m
  [4;35;1mSQL (5.8ms)[0m   [0mCREATE INDEX `site_mappings_depth_index` ON `site_mappings` (`depth`)[0m
  [4;36;1mSQL (6.5ms)[0m   [0;1mCREATE INDEX `site_mappings_lft_index` ON `site_mappings` (`lft`, `rgt`)[0m
  [4;35;1mSQL (6.1ms)[0m   [0mCREATE INDEX `site_mappings_parent_id_index` ON `site_mappings` (`parent_id`)[0m
  [4;36;1mSQL (5.4ms)[0m   [0;1mCREATE INDEX `site_mappings_path_segment_index` ON `site_mappings` (`path_segment`, `version`)[0m
  [4;35;1mSQL (0.3ms)[0m   [0mSHOW TABLES[0m
  [4;36;1mSQL (2.1ms)[0m   [0;1mCREATE TABLE `users` (`id` int(11) DEFAULT NULL auto_increment PRIMARY KEY, `first_name` varchar(255) DEFAULT '' NOT NULL, `last_name` varchar(255) DEFAULT '' NOT NULL, `email` varchar(255) DEFAULT '' NOT NULL, `password` varchar(40) DEFAULT '' NOT NULL, `created_at` datetime NOT NULL, `updated_at` datetime NOT NULL) ENGINE=InnoDB[0m
  [4;35;1mSQL (0.1ms)[0m   [0mSHOW TABLES[0m
  [4;36;1mSQL (1.7ms)[0m   [0;1mCREATE TABLE `schema_migrations` (`version` varchar(255) NOT NULL) ENGINE=InnoDB[0m
  [4;35;1mSQL (3.7ms)[0m   [0mCREATE UNIQUE INDEX `unique_schema_migrations` ON `schema_migrations` (`version`)[0m
  [4;36;1mSQL (0.2ms)[0m   [0;1mSHOW TABLES[0m
  [4;35;1mSQL (0.1ms)[0m   [0mSELECT version FROM `schema_migrations`[0m
  [4;36;1mSQL (0.3ms)[0m   [0;1mINSERT INTO `schema_migrations` (version) VALUES ('6')[0m
  [4;36;1mSQL (0.1ms)[0m   [0;1mSET NAMES 'utf8'[0m
  [4;35;1mSQL (0.0ms)[0m   [0mSET SQL_AUTO_IS_NULL=0[0m
  [4;36;1mSQL (0.3ms)[0m   [0;1mSHOW TABLES[0m
  [4;35;1mSQL (0.1ms)[0m   [0mSELECT version FROM schema_migrations[0m
  [4;36;1mSQL (0.0ms)[0m   [0;1mSET NAMES 'utf8'[0m
  [4;35;1mSQL (0.0ms)[0m   [0mSET SQL_AUTO_IS_NULL=0[0m
  [4;36;1mSQL (39.0ms)[0m   [0;1mDROP DATABASE IF EXISTS `engine_test_railfrog_test`[0m
  [4;35;1mSQL (0.1ms)[0m   [0mCREATE DATABASE `engine_test_railfrog_test` DEFAULT CHARACTER SET `utf8`[0m
  [4;36;1mSQL (0.0ms)[0m   [0;1mSET NAMES 'utf8'[0m
  [4;35;1mSQL (0.0ms)[0m   [0mSET SQL_AUTO_IS_NULL=0[0m
  [4;36;1mSQL (0.1ms)[0m   [0;1mSHOW TABLES[0m
  [4;35;1mSQL (2.6ms)[0m   [0mCREATE TABLE `chunk_versions` (`id` int(11) DEFAULT NULL auto_increment PRIMARY KEY, `chunk_id` int(11), `version` int(11), `base_version` int(11), `content` blob(16777215), `created_at` datetime, `updated_at` datetime, `comments` varchar(255)) ENGINE=InnoDB[0m
  [4;36;1mSQL (5.0ms)[0m   [0;1mCREATE INDEX `chunk_versions_chunk_id_index` ON `chunk_versions` (`chunk_id`)[0m
  [4;35;1mSQL (4.4ms)[0m   [0mCREATE INDEX `chunk_versions_version_index` ON `chunk_versions` (`version`)[0m
  [4;36;1mSQL (0.1ms)[0m   [0;1mSHOW TABLES[0m
  [4;35;1mSQL (2.5ms)[0m   [0mCREATE TABLE `chunks` (`id` int(11) DEFAULT NULL auto_increment PRIMARY KEY, `description` varchar(255), `live_version` int(11), `mime_type_id` int(11), `mime_type_str` varchar(100) DEFAULT '') ENGINE=InnoDB[0m
  [4;36;1mSQL (8.5ms)[0m   [0;1mCREATE INDEX `chunks_mime_type_id_index` ON `chunks` (`mime_type_id`)[0m
  [4;35;1mSQL (0.2ms)[0m   [0mSHOW TABLES[0m
  [4;36;1mSQL (1.7ms)[0m   [0;1mCREATE TABLE `file_extensions` (`id` int(11) DEFAULT NULL auto_increment PRIMARY KEY, `extension` varchar(255), `mime_type_id` int(11)) ENGINE=InnoDB[0m
  [4;35;1mSQL (5.8ms)[0m   [0mCREATE INDEX `file_extensions_mime_type_id_index` ON `file_extensions` (`mime_type_id`)[0m
  [4;36;1mSQL (0.1ms)[0m   [0;1mSHOW TABLES[0m
  [4;35;1mSQL (1.9ms)[0m   [0mCREATE TABLE `mapping_labels` (`id` int(11) DEFAULT NULL auto_increment PRIMARY KEY, `site_mapping_id` int(11), `name` varchar(255), `value` varchar(255)) ENGINE=InnoDB[0m
  [4;36;1mSQL (3.9ms)[0m   [0;1mCREATE INDEX `mapping_labels_site_mapping_id_index` ON `mapping_labels` (`site_mapping_id`)[0m
  [4;35;1mSQL (0.1ms)[0m   [0mSHOW TABLES[0m
  [4;36;1mSQL (2.2ms)[0m   [0;1mCREATE TABLE `mime_types` (`id` int(11) DEFAULT NULL auto_increment PRIMARY KEY, `mime_type` varchar(255), `description` varchar(255)) ENGINE=InnoDB[0m
  [4;35;1mSQL (4.5ms)[0m   [0mCREATE INDEX `mime_types_mime_type_index` ON `mime_types` (`mime_type`)[0m
  [4;36;1mSQL (0.1ms)[0m   [0;1mSHOW TABLES[0m
  [4;35;1mSQL (2.3ms)[0m   [0mCREATE TABLE `site_mappings` (`id` int(11) DEFAULT NULL auto_increment PRIMARY KEY, `path_segment` varchar(255) DEFAULT '' NOT NULL, `chunk_id` int(11), `version` int(11), `updated_at` datetime, `root_id` int(11), `parent_id` int(11), `depth` int(11), `lft` int(11), `rgt` int(11), `is_internal` tinyint(1) DEFAULT 0) ENGINE=InnoDB[0m
  [4;36;1mSQL (4.3ms)[0m   [0;1mCREATE INDEX `site_mappings_chunk_id_index` ON `site_mappings` (`chunk_id`)[0m
  [4;35;1mSQL (5.4ms)[0m   [0mCREATE INDEX `site_mappings_depth_index` ON `site_mappings` (`depth`)[0m
  [4;36;1mSQL (4.6ms)[0m   [0;1mCREATE INDEX `site_mappings_lft_index` ON `site_mappings` (`lft`, `rgt`)[0m
  [4;35;1mSQL (6.5ms)[0m   [0mCREATE INDEX `site_mappings_parent_id_index` ON `site_mappings` (`parent_id`)[0m
  [4;36;1mSQL (21.5ms)[0m   [0;1mCREATE INDEX `site_mappings_path_segment_index` ON `site_mappings` (`path_segment`, `version`)[0m
  [4;35;1mSQL (0.2ms)[0m   [0mSHOW TABLES[0m
  [4;36;1mSQL (2.9ms)[0m   [0;1mCREATE TABLE `users` (`id` int(11) DEFAULT NULL auto_increment PRIMARY KEY, `first_name` varchar(255) DEFAULT '' NOT NULL, `last_name` varchar(255) DEFAULT '' NOT NULL, `email` varchar(255) DEFAULT '' NOT NULL, `password` varchar(40) DEFAULT '' NOT NULL, `created_at` datetime NOT NULL, `updated_at` datetime NOT NULL) ENGINE=InnoDB[0m
  [4;35;1mSQL (0.2ms)[0m   [0mSHOW TABLES[0m
  [4;36;1mSQL (2.5ms)[0m   [0;1mCREATE TABLE `schema_migrations` (`version` varchar(255) NOT NULL) ENGINE=InnoDB[0m
  [4;35;1mSQL (5.1ms)[0m   [0mCREATE UNIQUE INDEX `unique_schema_migrations` ON `schema_migrations` (`version`)[0m
  [4;36;1mSQL (0.2ms)[0m   [0;1mSHOW TABLES[0m
  [4;35;1mSQL (0.1ms)[0m   [0mSELECT version FROM `schema_migrations`[0m
  [4;36;1mSQL (0.3ms)[0m   [0;1mINSERT INTO `schema_migrations` (version) VALUES ('6')[0m
  [4;36;1mSQL (0.1ms)[0m   [0;1mSET NAMES 'utf8'[0m
  [4;35;1mSQL (0.0ms)[0m   [0mSET SQL_AUTO_IS_NULL=0[0m
  [4;36;1mSQL (0.3ms)[0m   [0;1mSHOW TABLES[0m
  [4;35;1mSQL (0.1ms)[0m   [0mSELECT version FROM schema_migrations[0m
  [4;36;1mSQL (0.0ms)[0m   [0;1mSET NAMES 'utf8'[0m
  [4;35;1mSQL (0.0ms)[0m   [0mSET SQL_AUTO_IS_NULL=0[0m
  [4;36;1mSQL (39.1ms)[0m   [0;1mDROP DATABASE IF EXISTS `engine_test_railfrog_test`[0m
  [4;35;1mSQL (0.1ms)[0m   [0mCREATE DATABASE `engine_test_railfrog_test` DEFAULT CHARACTER SET `utf8`[0m
  [4;36;1mSQL (0.0ms)[0m   [0;1mSET NAMES 'utf8'[0m
  [4;35;1mSQL (0.0ms)[0m   [0mSET SQL_AUTO_IS_NULL=0[0m
  [4;36;1mSQL (0.1ms)[0m   [0;1mSHOW TABLES[0m
  [4;35;1mSQL (3.1ms)[0m   [0mCREATE TABLE `chunk_versions` (`id` int(11) DEFAULT NULL auto_increment PRIMARY KEY, `chunk_id` int(11), `version` int(11), `base_version` int(11), `content` blob(16777215), `created_at` datetime, `updated_at` datetime, `comments` varchar(255)) ENGINE=InnoDB[0m
  [4;36;1mSQL (4.5ms)[0m   [0;1mCREATE INDEX `chunk_versions_chunk_id_index` ON `chunk_versions` (`chunk_id`)[0m
  [4;35;1mSQL (5.0ms)[0m   [0mCREATE INDEX `chunk_versions_version_index` ON `chunk_versions` (`version`)[0m
  [4;36;1mSQL (0.2ms)[0m   [0;1mSHOW TABLES[0m
  [4;35;1mSQL (2.0ms)[0m   [0mCREATE TABLE `chunks` (`id` int(11) DEFAULT NULL auto_increment PRIMARY KEY, `description` varchar(255), `live_version` int(11), `mime_type_id` int(11), `mime_type_str` varchar(100) DEFAULT '') ENGINE=InnoDB[0m
  [4;36;1mSQL (4.7ms)[0m   [0;1mCREATE INDEX `chunks_mime_type_id_index` ON `chunks` (`mime_type_id`)[0m
  [4;35;1mSQL (0.1ms)[0m   [0mSHOW TABLES[0m
  [4;36;1mSQL (1.9ms)[0m   [0;1mCREATE TABLE `file_extensions` (`id` int(11) DEFAULT NULL auto_increment PRIMARY KEY, `extension` varchar(255), `mime_type_id` int(11)) ENGINE=InnoDB[0m
  [4;35;1mSQL (5.7ms)[0m   [0mCREATE INDEX `file_extensions_mime_type_id_index` ON `file_extensions` (`mime_type_id`)[0m
  [4;36;1mSQL (0.1ms)[0m   [0;1mSHOW TABLES[0m
  [4;35;1mSQL (2.4ms)[0m   [0mCREATE TABLE `mapping_labels` (`id` int(11) DEFAULT NULL auto_increment PRIMARY KEY, `site_mapping_id` int(11), `name` varchar(255), `value` varchar(255)) ENGINE=InnoDB[0m
  [4;36;1mSQL (4.0ms)[0m   [0;1mCREATE INDEX `mapping_labels_site_mapping_id_index` ON `mapping_labels` (`site_mapping_id`)[0m
  [4;35;1mSQL (0.1ms)[0m   [0mSHOW TABLES[0m
  [4;36;1mSQL (2.0ms)[0m   [0;1mCREATE TABLE `mime_types` (`id` int(11) DEFAULT NULL auto_increment PRIMARY KEY, `mime_type` varchar(255), `description` varchar(255)) ENGINE=InnoDB[0m
  [4;35;1mSQL (4.9ms)[0m   [0mCREATE INDEX `mime_types_mime_type_index` ON `mime_types` (`mime_type`)[0m
  [4;36;1mSQL (0.2ms)[0m   [0;1mSHOW TABLES[0m
  [4;35;1mSQL (5.6ms)[0m   [0mCREATE TABLE `site_mappings` (`id` int(11) DEFAULT NULL auto_increment PRIMARY KEY, `path_segment` varchar(255) DEFAULT '' NOT NULL, `chunk_id` int(11), `version` int(11), `updated_at` datetime, `root_id` int(11), `parent_id` int(11), `depth` int(11), `lft` int(11), `rgt` int(11), `is_internal` tinyint(1) DEFAULT 0) ENGINE=InnoDB[0m
  [4;36;1mSQL (7.1ms)[0m   [0;1mCREATE INDEX `site_mappings_chunk_id_index` ON `site_mappings` (`chunk_id`)[0m
  [4;35;1mSQL (4.4ms)[0m   [0mCREATE INDEX `site_mappings_depth_index` ON `site_mappings` (`depth`)[0m
  [4;36;1mSQL (5.1ms)[0m   [0;1mCREATE INDEX `site_mappings_lft_index` ON `site_mappings` (`lft`, `rgt`)[0m
  [4;35;1mSQL (4.9ms)[0m   [0mCREATE INDEX `site_mappings_parent_id_index` ON `site_mappings` (`parent_id`)[0m
  [4;36;1mSQL (4.8ms)[0m   [0;1mCREATE INDEX `site_mappings_path_segment_index` ON `site_mappings` (`path_segment`, `version`)[0m
  [4;35;1mSQL (0.2ms)[0m   [0mSHOW TABLES[0m
  [4;36;1mSQL (2.5ms)[0m   [0;1mCREATE TABLE `users` (`id` int(11) DEFAULT NULL auto_increment PRIMARY KEY, `first_name` varchar(255) DEFAULT '' NOT NULL, `last_name` varchar(255) DEFAULT '' NOT NULL, `email` varchar(255) DEFAULT '' NOT NULL, `password` varchar(40) DEFAULT '' NOT NULL, `created_at` datetime NOT NULL, `updated_at` datetime NOT NULL) ENGINE=InnoDB[0m
  [4;35;1mSQL (0.2ms)[0m   [0mSHOW TABLES[0m
  [4;36;1mSQL (2.7ms)[0m   [0;1mCREATE TABLE `schema_migrations` (`version` varchar(255) NOT NULL) ENGINE=InnoDB[0m
  [4;35;1mSQL (7.4ms)[0m   [0mCREATE UNIQUE INDEX `unique_schema_migrations` ON `schema_migrations` (`version`)[0m
  [4;36;1mSQL (0.2ms)[0m   [0;1mSHOW TABLES[0m
  [4;35;1mSQL (0.1ms)[0m   [0mSELECT version FROM `schema_migrations`[0m
  [4;36;1mSQL (0.3ms)[0m   [0;1mINSERT INTO `schema_migrations` (version) VALUES ('6')[0m
  [4;36;1mSQL (0.1ms)[0m   [0;1mSET NAMES 'utf8'[0m
  [4;35;1mSQL (0.0ms)[0m   [0mSET SQL_AUTO_IS_NULL=0[0m
  [4;36;1mSQL (0.2ms)[0m   [0;1mSHOW TABLES[0m
  [4;35;1mSQL (0.1ms)[0m   [0mSELECT version FROM schema_migrations[0m
  [4;36;1mSQL (0.1ms)[0m   [0;1mSET NAMES 'utf8'[0m
  [4;35;1mSQL (0.0ms)[0m   [0mSET SQL_AUTO_IS_NULL=0[0m
  [4;36;1mSQL (43.0ms)[0m   [0;1mDROP DATABASE IF EXISTS `engine_test_railfrog_test`[0m
  [4;35;1mSQL (0.1ms)[0m   [0mCREATE DATABASE `engine_test_railfrog_test` DEFAULT CHARACTER SET `utf8`[0m
  [4;36;1mSQL (0.0ms)[0m   [0;1mSET NAMES 'utf8'[0m
  [4;35;1mSQL (0.0ms)[0m   [0mSET SQL_AUTO_IS_NULL=0[0m
  [4;36;1mSQL (0.1ms)[0m   [0;1mSHOW TABLES[0m
  [4;35;1mSQL (2.7ms)[0m   [0mCREATE TABLE `chunk_versions` (`id` int(11) DEFAULT NULL auto_increment PRIMARY KEY, `chunk_id` int(11), `version` int(11), `base_version` int(11), `content` blob(16777215), `created_at` datetime, `updated_at` datetime, `comments` varchar(255)) ENGINE=InnoDB[0m
  [4;36;1mSQL (5.1ms)[0m   [0;1mCREATE INDEX `chunk_versions_chunk_id_index` ON `chunk_versions` (`chunk_id`)[0m
  [4;35;1mSQL (4.0ms)[0m   [0mCREATE INDEX `chunk_versions_version_index` ON `chunk_versions` (`version`)[0m
  [4;36;1mSQL (0.1ms)[0m   [0;1mSHOW TABLES[0m
  [4;35;1mSQL (2.3ms)[0m   [0mCREATE TABLE `chunks` (`id` int(11) DEFAULT NULL auto_increment PRIMARY KEY, `description` varchar(255), `live_version` int(11), `mime_type_id` int(11), `mime_type_str` varchar(100) DEFAULT '') ENGINE=InnoDB[0m
  [4;36;1mSQL (4.6ms)[0m   [0;1mCREATE INDEX `chunks_mime_type_id_index` ON `chunks` (`mime_type_id`)[0m
  [4;35;1mSQL (0.2ms)[0m   [0mSHOW TABLES[0m
  [4;36;1mSQL (2.5ms)[0m   [0;1mCREATE TABLE `file_extensions` (`id` int(11) DEFAULT NULL auto_increment PRIMARY KEY, `extension` varchar(255), `mime_type_id` int(11)) ENGINE=InnoDB[0m
  [4;35;1mSQL (4.1ms)[0m   [0mCREATE INDEX `file_extensions_mime_type_id_index` ON `file_extensions` (`mime_type_id`)[0m
  [4;36;1mSQL (0.2ms)[0m   [0;1mSHOW TABLES[0m
  [4;35;1mSQL (2.1ms)[0m   [0mCREATE TABLE `mapping_labels` (`id` int(11) DEFAULT NULL auto_increment PRIMARY KEY, `site_mapping_id` int(11), `name` varchar(255), `value` varchar(255)) ENGINE=InnoDB[0m
  [4;36;1mSQL (4.6ms)[0m   [0;1mCREATE INDEX `mapping_labels_site_mapping_id_index` ON `mapping_labels` (`site_mapping_id`)[0m
  [4;35;1mSQL (0.1ms)[0m   [0mSHOW TABLES[0m
  [4;36;1mSQL (1.9ms)[0m   [0;1mCREATE TABLE `mime_types` (`id` int(11) DEFAULT NULL auto_increment PRIMARY KEY, `mime_type` varchar(255), `description` varchar(255)) ENGINE=InnoDB[0m
  [4;35;1mSQL (3.7ms)[0m   [0mCREATE INDEX `mime_types_mime_type_index` ON `mime_types` (`mime_type`)[0m
  [4;36;1mSQL (0.2ms)[0m   [0;1mSHOW TABLES[0m
  [4;35;1mSQL (3.2ms)[0m   [0mCREATE TABLE `site_mappings` (`id` int(11) DEFAULT NULL auto_increment PRIMARY KEY, `path_segment` varchar(255) DEFAULT '' NOT NULL, `chunk_id` int(11), `version` int(11), `updated_at` datetime, `root_id` int(11), `parent_id` int(11), `depth` int(11), `lft` int(11), `rgt` int(11), `is_internal` tinyint(1) DEFAULT 0) ENGINE=InnoDB[0m
  [4;36;1mSQL (3.8ms)[0m   [0;1mCREATE INDEX `site_mappings_chunk_id_index` ON `site_mappings` (`chunk_id`)[0m
  [4;35;1mSQL (4.2ms)[0m   [0mCREATE INDEX `site_mappings_depth_index` ON `site_mappings` (`depth`)[0m
  [4;36;1mSQL (3.8ms)[0m   [0;1mCREATE INDEX `site_mappings_lft_index` ON `site_mappings` (`lft`, `rgt`)[0m
  [4;35;1mSQL (4.3ms)[0m   [0mCREATE INDEX `site_mappings_parent_id_index` ON `site_mappings` (`parent_id`)[0m
  [4;36;1mSQL (4.1ms)[0m   [0;1mCREATE INDEX `site_mappings_path_segment_index` ON `site_mappings` (`path_segment`, `version`)[0m
  [4;35;1mSQL (0.2ms)[0m   [0mSHOW TABLES[0m
  [4;36;1mSQL (2.1ms)[0m   [0;1mCREATE TABLE `users` (`id` int(11) DEFAULT NULL auto_increment PRIMARY KEY, `first_name` varchar(255) DEFAULT '' NOT NULL, `last_name` varchar(255) DEFAULT '' NOT NULL, `email` varchar(255) DEFAULT '' NOT NULL, `password` varchar(40) DEFAULT '' NOT NULL, `created_at` datetime NOT NULL, `updated_at` datetime NOT NULL) ENGINE=InnoDB[0m
  [4;35;1mSQL (0.2ms)[0m   [0mSHOW TABLES[0m
  [4;36;1mSQL (1.9ms)[0m   [0;1mCREATE TABLE `schema_migrations` (`version` varchar(255) NOT NULL) ENGINE=InnoDB[0m
  [4;35;1mSQL (3.7ms)[0m   [0mCREATE UNIQUE INDEX `unique_schema_migrations` ON `schema_migrations` (`version`)[0m
  [4;36;1mSQL (0.2ms)[0m   [0;1mSHOW TABLES[0m
  [4;35;1mSQL (0.1ms)[0m   [0mSELECT version FROM `schema_migrations`[0m
  [4;36;1mSQL (0.5ms)[0m   [0;1mINSERT INTO `schema_migrations` (version) VALUES ('6')[0m
  [4;36;1mSQL (0.1ms)[0m   [0;1mSET NAMES 'utf8'[0m
  [4;35;1mSQL (0.0ms)[0m   [0mSET SQL_AUTO_IS_NULL=0[0m
  [4;36;1mSQL (0.3ms)[0m   [0;1mSHOW TABLES[0m
  [4;35;1mSQL (0.1ms)[0m   [0mSELECT version FROM schema_migrations[0m
  [4;36;1mSQL (0.0ms)[0m   [0;1mSET NAMES 'utf8'[0m
  [4;35;1mSQL (0.0ms)[0m   [0mSET SQL_AUTO_IS_NULL=0[0m
  [4;36;1mSQL (32.3ms)[0m   [0;1mDROP DATABASE IF EXISTS `engine_test_railfrog_test`[0m
  [4;35;1mSQL (0.1ms)[0m   [0mCREATE DATABASE `engine_test_railfrog_test` DEFAULT CHARACTER SET `utf8`[0m
  [4;36;1mSQL (0.1ms)[0m   [0;1mSET NAMES 'utf8'[0m
  [4;35;1mSQL (0.0ms)[0m   [0mSET SQL_AUTO_IS_NULL=0[0m
  [4;36;1mSQL (0.1ms)[0m   [0;1mSHOW TABLES[0m
  [4;35;1mSQL (185.7ms)[0m   [0mCREATE TABLE `chunk_versions` (`id` int(11) DEFAULT NULL auto_increment PRIMARY KEY, `chunk_id` int(11), `version` int(11), `base_version` int(11), `content` blob(16777215), `created_at` datetime, `updated_at` datetime, `comments` varchar(255)) ENGINE=InnoDB[0m
  [4;36;1mSQL (35.8ms)[0m   [0;1mCREATE INDEX `chunk_versions_chunk_id_index` ON `chunk_versions` (`chunk_id`)[0m
  [4;35;1mSQL (24.6ms)[0m   [0mCREATE INDEX `chunk_versions_version_index` ON `chunk_versions` (`version`)[0m
  [4;36;1mSQL (0.2ms)[0m   [0;1mSHOW TABLES[0m
  [4;35;1mSQL (12.6ms)[0m   [0mCREATE TABLE `chunks` (`id` int(11) DEFAULT NULL auto_increment PRIMARY KEY, `description` varchar(255), `live_version` int(11), `mime_type_id` int(11), `mime_type_str` varchar(100) DEFAULT '') ENGINE=InnoDB[0m
  [4;36;1mSQL (10.4ms)[0m   [0;1mCREATE INDEX `chunks_mime_type_id_index` ON `chunks` (`mime_type_id`)[0m
  [4;35;1mSQL (0.2ms)[0m   [0mSHOW TABLES[0m
  [4;36;1mSQL (7.0ms)[0m   [0;1mCREATE TABLE `file_extensions` (`id` int(11) DEFAULT NULL auto_increment PRIMARY KEY, `extension` varchar(255), `mime_type_id` int(11)) ENGINE=InnoDB[0m
  [4;35;1mSQL (6.8ms)[0m   [0mCREATE INDEX `file_extensions_mime_type_id_index` ON `file_extensions` (`mime_type_id`)[0m
  [4;36;1mSQL (0.2ms)[0m   [0;1mSHOW TABLES[0m
  [4;35;1mSQL (13.6ms)[0m   [0mCREATE TABLE `mapping_labels` (`id` int(11) DEFAULT NULL auto_increment PRIMARY KEY, `site_mapping_id` int(11), `name` varchar(255), `value` varchar(255)) ENGINE=InnoDB[0m
  [4;36;1mSQL (3.5ms)[0m   [0;1mCREATE INDEX `mapping_labels_site_mapping_id_index` ON `mapping_labels` (`site_mapping_id`)[0m
  [4;35;1mSQL (0.2ms)[0m   [0mSHOW TABLES[0m
  [4;36;1mSQL (2.3ms)[0m   [0;1mCREATE TABLE `mime_types` (`id` int(11) DEFAULT NULL auto_increment PRIMARY KEY, `mime_type` varchar(255), `description` varchar(255)) ENGINE=InnoDB[0m
  [4;35;1mSQL (3.9ms)[0m   [0mCREATE INDEX `mime_types_mime_type_index` ON `mime_types` (`mime_type`)[0m
  [4;36;1mSQL (0.2ms)[0m   [0;1mSHOW TABLES[0m
  [4;35;1mSQL (2.6ms)[0m   [0mCREATE TABLE `site_mappings` (`id` int(11) DEFAULT NULL auto_increment PRIMARY KEY, `path_segment` varchar(255) DEFAULT '' NOT NULL, `chunk_id` int(11), `version` int(11), `updated_at` datetime, `root_id` int(11), `parent_id` int(11), `depth` int(11), `lft` int(11), `rgt` int(11), `is_internal` tinyint(1) DEFAULT 0) ENGINE=InnoDB[0m
  [4;36;1mSQL (3.9ms)[0m   [0;1mCREATE INDEX `site_mappings_chunk_id_index` ON `site_mappings` (`chunk_id`)[0m
  [4;35;1mSQL (5.0ms)[0m   [0mCREATE INDEX `site_mappings_depth_index` ON `site_mappings` (`depth`)[0m
  [4;36;1mSQL (7.9ms)[0m   [0;1mCREATE INDEX `site_mappings_lft_index` ON `site_mappings` (`lft`, `rgt`)[0m
  [4;35;1mSQL (5.3ms)[0m   [0mCREATE INDEX `site_mappings_parent_id_index` ON `site_mappings` (`parent_id`)[0m
  [4;36;1mSQL (9.8ms)[0m   [0;1mCREATE INDEX `site_mappings_path_segment_index` ON `site_mappings` (`path_segment`, `version`)[0m
  [4;35;1mSQL (0.2ms)[0m   [0mSHOW TABLES[0m
  [4;36;1mSQL (8.8ms)[0m   [0;1mCREATE TABLE `users` (`id` int(11) DEFAULT NULL auto_increment PRIMARY KEY, `first_name` varchar(255) DEFAULT '' NOT NULL, `last_name` varchar(255) DEFAULT '' NOT NULL, `email` varchar(255) DEFAULT '' NOT NULL, `password` varchar(40) DEFAULT '' NOT NULL, `created_at` datetime NOT NULL, `updated_at` datetime NOT NULL) ENGINE=InnoDB[0m
  [4;35;1mSQL (0.2ms)[0m   [0mSHOW TABLES[0m
  [4;36;1mSQL (9.5ms)[0m   [0;1mCREATE TABLE `schema_migrations` (`version` varchar(255) NOT NULL) ENGINE=InnoDB[0m
  [4;35;1mSQL (5.9ms)[0m   [0mCREATE UNIQUE INDEX `unique_schema_migrations` ON `schema_migrations` (`version`)[0m
  [4;36;1mSQL (0.2ms)[0m   [0;1mSHOW TABLES[0m
  [4;35;1mSQL (0.1ms)[0m   [0mSELECT version FROM `schema_migrations`[0m
  [4;36;1mSQL (0.3ms)[0m   [0;1mINSERT INTO `schema_migrations` (version) VALUES ('6')[0m
  [4;36;1mSQL (0.1ms)[0m   [0;1mSET NAMES 'utf8'[0m
  [4;35;1mSQL (0.0ms)[0m   [0mSET SQL_AUTO_IS_NULL=0[0m
  [4;36;1mSQL (0.4ms)[0m   [0;1mSHOW TABLES[0m
  [4;35;1mSQL (0.1ms)[0m   [0mSELECT version FROM schema_migrations[0m
  [4;36;1mSQL (0.0ms)[0m   [0;1mSET NAMES 'utf8'[0m
  [4;35;1mSQL (0.0ms)[0m   [0mSET SQL_AUTO_IS_NULL=0[0m
  [4;36;1mSQL (40.5ms)[0m   [0;1mDROP DATABASE IF EXISTS `engine_test_railfrog_test`[0m
  [4;35;1mSQL (0.1ms)[0m   [0mCREATE DATABASE `engine_test_railfrog_test` DEFAULT CHARACTER SET `utf8`[0m
  [4;36;1mSQL (0.1ms)[0m   [0;1mSET NAMES 'utf8'[0m
  [4;35;1mSQL (0.0ms)[0m   [0mSET SQL_AUTO_IS_NULL=0[0m
  [4;36;1mSQL (0.1ms)[0m   [0;1mSHOW TABLES[0m
  [4;35;1mSQL (3.0ms)[0m   [0mCREATE TABLE `chunk_versions` (`id` int(11) DEFAULT NULL auto_increment PRIMARY KEY, `chunk_id` int(11), `version` int(11), `base_version` int(11), `content` blob(16777215), `created_at` datetime, `updated_at` datetime, `comments` varchar(255)) ENGINE=InnoDB[0m
  [4;36;1mSQL (3.9ms)[0m   [0;1mCREATE INDEX `chunk_versions_chunk_id_index` ON `chunk_versions` (`chunk_id`)[0m
  [4;35;1mSQL (4.7ms)[0m   [0mCREATE INDEX `chunk_versions_version_index` ON `chunk_versions` (`version`)[0m
  [4;36;1mSQL (0.1ms)[0m   [0;1mSHOW TABLES[0m
  [4;35;1mSQL (3.4ms)[0m   [0mCREATE TABLE `chunks` (`id` int(11) DEFAULT NULL auto_increment PRIMARY KEY, `description` varchar(255), `live_version` int(11), `mime_type_id` int(11), `mime_type_str` varchar(100) DEFAULT '') ENGINE=InnoDB[0m
  [4;36;1mSQL (4.3ms)[0m   [0;1mCREATE INDEX `chunks_mime_type_id_index` ON `chunks` (`mime_type_id`)[0m
  [4;35;1mSQL (0.1ms)[0m   [0mSHOW TABLES[0m
  [4;36;1mSQL (2.3ms)[0m   [0;1mCREATE TABLE `file_extensions` (`id` int(11) DEFAULT NULL auto_increment PRIMARY KEY, `extension` varchar(255), `mime_type_id` int(11)) ENGINE=InnoDB[0m
  [4;35;1mSQL (4.7ms)[0m   [0mCREATE INDEX `file_extensions_mime_type_id_index` ON `file_extensions` (`mime_type_id`)[0m
  [4;36;1mSQL (0.1ms)[0m   [0;1mSHOW TABLES[0m
  [4;35;1mSQL (1.8ms)[0m   [0mCREATE TABLE `mapping_labels` (`id` int(11) DEFAULT NULL auto_increment PRIMARY KEY, `site_mapping_id` int(11), `name` varchar(255), `value` varchar(255)) ENGINE=InnoDB[0m
  [4;36;1mSQL (4.6ms)[0m   [0;1mCREATE INDEX `mapping_labels_site_mapping_id_index` ON `mapping_labels` (`site_mapping_id`)[0m
  [4;35;1mSQL (0.4ms)[0m   [0mSHOW TABLES[0m
  [4;36;1mSQL (2.3ms)[0m   [0;1mCREATE TABLE `mime_types` (`id` int(11) DEFAULT NULL auto_increment PRIMARY KEY, `mime_type` varchar(255), `description` varchar(255)) ENGINE=InnoDB[0m
  [4;35;1mSQL (5.2ms)[0m   [0mCREATE INDEX `mime_types_mime_type_index` ON `mime_types` (`mime_type`)[0m
  [4;36;1mSQL (0.1ms)[0m   [0;1mSHOW TABLES[0m
  [4;35;1mSQL (2.4ms)[0m   [0mCREATE TABLE `site_mappings` (`id` int(11) DEFAULT NULL auto_increment PRIMARY KEY, `path_segment` varchar(255) DEFAULT '' NOT NULL, `chunk_id` int(11), `version` int(11), `updated_at` datetime, `root_id` int(11), `parent_id` int(11), `depth` int(11), `lft` int(11), `rgt` int(11), `is_internal` tinyint(1) DEFAULT 0) ENGINE=InnoDB[0m
  [4;36;1mSQL (4.8ms)[0m   [0;1mCREATE INDEX `site_mappings_chunk_id_index` ON `site_mappings` (`chunk_id`)[0m
  [4;35;1mSQL (4.9ms)[0m   [0mCREATE INDEX `site_mappings_depth_index` ON `site_mappings` (`depth`)[0m
  [4;36;1mSQL (4.8ms)[0m   [0;1mCREATE INDEX `site_mappings_lft_index` ON `site_mappings` (`lft`, `rgt`)[0m
  [4;35;1mSQL (4.5ms)[0m   [0mCREATE INDEX `site_mappings_parent_id_index` ON `site_mappings` (`parent_id`)[0m
  [4;36;1mSQL (4.9ms)[0m   [0;1mCREATE INDEX `site_mappings_path_segment_index` ON `site_mappings` (`path_segment`, `version`)[0m
  [4;35;1mSQL (0.3ms)[0m   [0mSHOW TABLES[0m
  [4;36;1mSQL (2.4ms)[0m   [0;1mCREATE TABLE `users` (`id` int(11) DEFAULT NULL auto_increment PRIMARY KEY, `first_name` varchar(255) DEFAULT '' NOT NULL, `last_name` varchar(255) DEFAULT '' NOT NULL, `email` varchar(255) DEFAULT '' NOT NULL, `password` varchar(40) DEFAULT '' NOT NULL, `created_at` datetime NOT NULL, `updated_at` datetime NOT NULL) ENGINE=InnoDB[0m
  [4;35;1mSQL (0.2ms)[0m   [0mSHOW TABLES[0m
  [4;36;1mSQL (1.7ms)[0m   [0;1mCREATE TABLE `schema_migrations` (`version` varchar(255) NOT NULL) ENGINE=InnoDB[0m
  [4;35;1mSQL (3.7ms)[0m   [0mCREATE UNIQUE INDEX `unique_schema_migrations` ON `schema_migrations` (`version`)[0m
  [4;36;1mSQL (0.2ms)[0m   [0;1mSHOW TABLES[0m
  [4;35;1mSQL (0.1ms)[0m   [0mSELECT version FROM `schema_migrations`[0m
  [4;36;1mSQL (0.3ms)[0m   [0;1mINSERT INTO `schema_migrations` (version) VALUES ('6')[0m
  [4;36;1mSQL (0.1ms)[0m   [0;1mSET NAMES 'utf8'[0m
  [4;35;1mSQL (0.0ms)[0m   [0mSET SQL_AUTO_IS_NULL=0[0m
  [4;36;1mSQL (1.4ms)[0m   [0;1mSHOW TABLES[0m
  [4;35;1mSQL (0.1ms)[0m   [0mSELECT version FROM schema_migrations[0m
  [4;36;1mSQL (0.0ms)[0m   [0;1mSET NAMES 'utf8'[0m
  [4;35;1mSQL (0.0ms)[0m   [0mSET SQL_AUTO_IS_NULL=0[0m
  [4;36;1mSQL (40.7ms)[0m   [0;1mDROP DATABASE IF EXISTS `engine_test_railfrog_test`[0m
  [4;35;1mSQL (0.1ms)[0m   [0mCREATE DATABASE `engine_test_railfrog_test` DEFAULT CHARACTER SET `utf8`[0m
  [4;36;1mSQL (0.0ms)[0m   [0;1mSET NAMES 'utf8'[0m
  [4;35;1mSQL (0.0ms)[0m   [0mSET SQL_AUTO_IS_NULL=0[0m
  [4;36;1mSQL (0.1ms)[0m   [0;1mSHOW TABLES[0m
  [4;35;1mSQL (2.4ms)[0m   [0mCREATE TABLE `chunk_versions` (`id` int(11) DEFAULT NULL auto_increment PRIMARY KEY, `chunk_id` int(11), `version` int(11), `base_version` int(11), `content` blob(16777215), `created_at` datetime, `updated_at` datetime, `comments` varchar(255)) ENGINE=InnoDB[0m
  [4;36;1mSQL (5.3ms)[0m   [0;1mCREATE INDEX `chunk_versions_chunk_id_index` ON `chunk_versions` (`chunk_id`)[0m
  [4;35;1mSQL (4.3ms)[0m   [0mCREATE INDEX `chunk_versions_version_index` ON `chunk_versions` (`version`)[0m
  [4;36;1mSQL (0.1ms)[0m   [0;1mSHOW TABLES[0m
  [4;35;1mSQL (2.9ms)[0m   [0mCREATE TABLE `chunks` (`id` int(11) DEFAULT NULL auto_increment PRIMARY KEY, `description` varchar(255), `live_version` int(11), `mime_type_id` int(11), `mime_type_str` varchar(100) DEFAULT '') ENGINE=InnoDB[0m
  [4;36;1mSQL (5.1ms)[0m   [0;1mCREATE INDEX `chunks_mime_type_id_index` ON `chunks` (`mime_type_id`)[0m
  [4;35;1mSQL (0.1ms)[0m   [0mSHOW TABLES[0m
  [4;36;1mSQL (2.1ms)[0m   [0;1mCREATE TABLE `file_extensions` (`id` int(11) DEFAULT NULL auto_increment PRIMARY KEY, `extension` varchar(255), `mime_type_id` int(11)) ENGINE=InnoDB[0m
  [4;35;1mSQL (4.3ms)[0m   [0mCREATE INDEX `file_extensions_mime_type_id_index` ON `file_extensions` (`mime_type_id`)[0m
  [4;36;1mSQL (0.1ms)[0m   [0;1mSHOW TABLES[0m
  [4;35;1mSQL (2.0ms)[0m   [0mCREATE TABLE `mapping_labels` (`id` int(11) DEFAULT NULL auto_increment PRIMARY KEY, `site_mapping_id` int(11), `name` varchar(255), `value` varchar(255)) ENGINE=InnoDB[0m
  [4;36;1mSQL (4.4ms)[0m   [0;1mCREATE INDEX `mapping_labels_site_mapping_id_index` ON `mapping_labels` (`site_mapping_id`)[0m
  [4;35;1mSQL (0.1ms)[0m   [0mSHOW TABLES[0m
  [4;36;1mSQL (2.0ms)[0m   [0;1mCREATE TABLE `mime_types` (`id` int(11) DEFAULT NULL auto_increment PRIMARY KEY, `mime_type` varchar(255), `description` varchar(255)) ENGINE=InnoDB[0m
  [4;35;1mSQL (3.7ms)[0m   [0mCREATE INDEX `mime_types_mime_type_index` ON `mime_types` (`mime_type`)[0m
  [4;36;1mSQL (0.2ms)[0m   [0;1mSHOW TABLES[0m
  [4;35;1mSQL (2.8ms)[0m   [0mCREATE TABLE `site_mappings` (`id` int(11) DEFAULT NULL auto_increment PRIMARY KEY, `path_segment` varchar(255) DEFAULT '' NOT NULL, `chunk_id` int(11), `version` int(11), `updated_at` datetime, `root_id` int(11), `parent_id` int(11), `depth` int(11), `lft` int(11), `rgt` int(11), `is_internal` tinyint(1) DEFAULT 0) ENGINE=InnoDB[0m
  [4;36;1mSQL (4.4ms)[0m   [0;1mCREATE INDEX `site_mappings_chunk_id_index` ON `site_mappings` (`chunk_id`)[0m
  [4;35;1mSQL (4.7ms)[0m   [0mCREATE INDEX `site_mappings_depth_index` ON `site_mappings` (`depth`)[0m
  [4;36;1mSQL (5.4ms)[0m   [0;1mCREATE INDEX `site_mappings_lft_index` ON `site_mappings` (`lft`, `rgt`)[0m
  [4;35;1mSQL (4.6ms)[0m   [0mCREATE INDEX `site_mappings_parent_id_index` ON `site_mappings` (`parent_id`)[0m
  [4;36;1mSQL (7.0ms)[0m   [0;1mCREATE INDEX `site_mappings_path_segment_index` ON `site_mappings` (`path_segment`, `version`)[0m
  [4;35;1mSQL (0.2ms)[0m   [0mSHOW TABLES[0m
  [4;36;1mSQL (1.9ms)[0m   [0;1mCREATE TABLE `users` (`id` int(11) DEFAULT NULL auto_increment PRIMARY KEY, `first_name` varchar(255) DEFAULT '' NOT NULL, `last_name` varchar(255) DEFAULT '' NOT NULL, `email` varchar(255) DEFAULT '' NOT NULL, `password` varchar(40) DEFAULT '' NOT NULL, `created_at` datetime NOT NULL, `updated_at` datetime NOT NULL) ENGINE=InnoDB[0m
  [4;35;1mSQL (0.2ms)[0m   [0mSHOW TABLES[0m
  [4;36;1mSQL (3.3ms)[0m   [0;1mCREATE TABLE `schema_migrations` (`version` varchar(255) NOT NULL) ENGINE=InnoDB[0m
  [4;35;1mSQL (4.4ms)[0m   [0mCREATE UNIQUE INDEX `unique_schema_migrations` ON `schema_migrations` (`version`)[0m
  [4;36;1mSQL (0.2ms)[0m   [0;1mSHOW TABLES[0m
  [4;35;1mSQL (0.1ms)[0m   [0mSELECT version FROM `schema_migrations`[0m
  [4;36;1mSQL (0.3ms)[0m   [0;1mINSERT INTO `schema_migrations` (version) VALUES ('6')[0m
  [4;36;1mSQL (0.1ms)[0m   [0;1mSET NAMES 'utf8'[0m
  [4;35;1mSQL (0.0ms)[0m   [0mSET SQL_AUTO_IS_NULL=0[0m
  [4;36;1mSQL (0.4ms)[0m   [0;1mSHOW TABLES[0m
  [4;35;1mSQL (0.1ms)[0m   [0mSELECT version FROM schema_migrations[0m
  [4;36;1mSQL (0.2ms)[0m   [0;1mSET NAMES 'utf8'[0m
  [4;35;1mSQL (0.0ms)[0m   [0mSET SQL_AUTO_IS_NULL=0[0m
  [4;36;1mSQL (40.9ms)[0m   [0;1mDROP DATABASE IF EXISTS `engine_test_railfrog_test`[0m
  [4;35;1mSQL (0.1ms)[0m   [0mCREATE DATABASE `engine_test_railfrog_test` DEFAULT CHARACTER SET `utf8`[0m
  [4;36;1mSQL (0.1ms)[0m   [0;1mSET NAMES 'utf8'[0m
  [4;35;1mSQL (0.0ms)[0m   [0mSET SQL_AUTO_IS_NULL=0[0m
  [4;36;1mSQL (0.1ms)[0m   [0;1mSHOW TABLES[0m
  [4;35;1mSQL (3.2ms)[0m   [0mCREATE TABLE `chunk_versions` (`id` int(11) DEFAULT NULL auto_increment PRIMARY KEY, `chunk_id` int(11), `version` int(11), `base_version` int(11), `content` blob(16777215), `created_at` datetime, `updated_at` datetime, `comments` varchar(255)) ENGINE=InnoDB[0m
  [4;36;1mSQL (4.6ms)[0m   [0;1mCREATE INDEX `chunk_versions_chunk_id_index` ON `chunk_versions` (`chunk_id`)[0m
  [4;35;1mSQL (4.3ms)[0m   [0mCREATE INDEX `chunk_versions_version_index` ON `chunk_versions` (`version`)[0m
  [4;36;1mSQL (0.1ms)[0m   [0;1mSHOW TABLES[0m
  [4;35;1mSQL (2.3ms)[0m   [0mCREATE TABLE `chunks` (`id` int(11) DEFAULT NULL auto_increment PRIMARY KEY, `description` varchar(255), `live_version` int(11), `mime_type_id` int(11), `mime_type_str` varchar(100) DEFAULT '') ENGINE=InnoDB[0m
  [4;36;1mSQL (4.0ms)[0m   [0;1mCREATE INDEX `chunks_mime_type_id_index` ON `chunks` (`mime_type_id`)[0m
  [4;35;1mSQL (0.1ms)[0m   [0mSHOW TABLES[0m
  [4;36;1mSQL (2.0ms)[0m   [0;1mCREATE TABLE `file_extensions` (`id` int(11) DEFAULT NULL auto_increment PRIMARY KEY, `extension` varchar(255), `mime_type_id` int(11)) ENGINE=InnoDB[0m
  [4;35;1mSQL (4.4ms)[0m   [0mCREATE INDEX `file_extensions_mime_type_id_index` ON `file_extensions` (`mime_type_id`)[0m
  [4;36;1mSQL (0.2ms)[0m   [0;1mSHOW TABLES[0m
  [4;35;1mSQL (2.2ms)[0m   [0mCREATE TABLE `mapping_labels` (`id` int(11) DEFAULT NULL auto_increment PRIMARY KEY, `site_mapping_id` int(11), `name` varchar(255), `value` varchar(255)) ENGINE=InnoDB[0m
  [4;36;1mSQL (4.2ms)[0m   [0;1mCREATE INDEX `mapping_labels_site_mapping_id_index` ON `mapping_labels` (`site_mapping_id`)[0m
  [4;35;1mSQL (0.1ms)[0m   [0mSHOW TABLES[0m
  [4;36;1mSQL (2.7ms)[0m   [0;1mCREATE TABLE `mime_types` (`id` int(11) DEFAULT NULL auto_increment PRIMARY KEY, `mime_type` varchar(255), `description` varchar(255)) ENGINE=InnoDB[0m
  [4;35;1mSQL (4.2ms)[0m   [0mCREATE INDEX `mime_types_mime_type_index` ON `mime_types` (`mime_type`)[0m
  [4;36;1mSQL (0.2ms)[0m   [0;1mSHOW TABLES[0m
  [4;35;1mSQL (2.4ms)[0m   [0mCREATE TABLE `site_mappings` (`id` int(11) DEFAULT NULL auto_increment PRIMARY KEY, `path_segment` varchar(255) DEFAULT '' NOT NULL, `chunk_id` int(11), `version` int(11), `updated_at` datetime, `root_id` int(11), `parent_id` int(11), `depth` int(11), `lft` int(11), `rgt` int(11), `is_internal` tinyint(1) DEFAULT 0) ENGINE=InnoDB[0m
  [4;36;1mSQL (4.3ms)[0m   [0;1mCREATE INDEX `site_mappings_chunk_id_index` ON `site_mappings` (`chunk_id`)[0m
  [4;35;1mSQL (5.0ms)[0m   [0mCREATE INDEX `site_mappings_depth_index` ON `site_mappings` (`depth`)[0m
  [4;36;1mSQL (4.2ms)[0m   [0;1mCREATE INDEX `site_mappings_lft_index` ON `site_mappings` (`lft`, `rgt`)[0m
  [4;35;1mSQL (4.1ms)[0m   [0mCREATE INDEX `site_mappings_parent_id_index` ON `site_mappings` (`parent_id`)[0m
  [4;36;1mSQL (4.5ms)[0m   [0;1mCREATE INDEX `site_mappings_path_segment_index` ON `site_mappings` (`path_segment`, `version`)[0m
  [4;35;1mSQL (0.2ms)[0m   [0mSHOW TABLES[0m
  [4;36;1mSQL (1.8ms)[0m   [0;1mCREATE TABLE `users` (`id` int(11) DEFAULT NULL auto_increment PRIMARY KEY, `first_name` varchar(255) DEFAULT '' NOT NULL, `last_name` varchar(255) DEFAULT '' NOT NULL, `email` varchar(255) DEFAULT '' NOT NULL, `password` varchar(40) DEFAULT '' NOT NULL, `created_at` datetime NOT NULL, `updated_at` datetime NOT NULL) ENGINE=InnoDB[0m
  [4;35;1mSQL (0.1ms)[0m   [0mSHOW TABLES[0m
  [4;36;1mSQL (1.9ms)[0m   [0;1mCREATE TABLE `schema_migrations` (`version` varchar(255) NOT NULL) ENGINE=InnoDB[0m
  [4;35;1mSQL (4.0ms)[0m   [0mCREATE UNIQUE INDEX `unique_schema_migrations` ON `schema_migrations` (`version`)[0m
  [4;36;1mSQL (0.2ms)[0m   [0;1mSHOW TABLES[0m
  [4;35;1mSQL (0.1ms)[0m   [0mSELECT version FROM `schema_migrations`[0m
  [4;36;1mSQL (0.3ms)[0m   [0;1mINSERT INTO `schema_migrations` (version) VALUES ('6')[0m
  [4;36;1mSQL (0.1ms)[0m   [0;1mSET NAMES 'utf8'[0m
  [4;35;1mSQL (0.0ms)[0m   [0mSET SQL_AUTO_IS_NULL=0[0m
  [4;36;1mSQL (0.4ms)[0m   [0;1mSHOW TABLES[0m
  [4;35;1mSQL (0.1ms)[0m   [0mSELECT version FROM schema_migrations[0m
  [4;36;1mSQL (0.1ms)[0m   [0;1mSET NAMES 'utf8'[0m
  [4;35;1mSQL (0.0ms)[0m   [0mSET SQL_AUTO_IS_NULL=0[0m
  [4;36;1mSQL (30.7ms)[0m   [0;1mDROP DATABASE IF EXISTS `engine_test_railfrog_test`[0m
  [4;35;1mSQL (0.1ms)[0m   [0mCREATE DATABASE `engine_test_railfrog_test` DEFAULT CHARACTER SET `utf8`[0m
  [4;36;1mSQL (0.0ms)[0m   [0;1mSET NAMES 'utf8'[0m
  [4;35;1mSQL (0.0ms)[0m   [0mSET SQL_AUTO_IS_NULL=0[0m
  [4;36;1mSQL (0.1ms)[0m   [0;1mSHOW TABLES[0m
  [4;35;1mSQL (3.2ms)[0m   [0mCREATE TABLE `chunk_versions` (`id` int(11) DEFAULT NULL auto_increment PRIMARY KEY, `chunk_id` int(11), `version` int(11), `base_version` int(11), `content` blob(16777215), `created_at` datetime, `updated_at` datetime, `comments` varchar(255)) ENGINE=InnoDB[0m
  [4;36;1mSQL (5.2ms)[0m   [0;1mCREATE INDEX `chunk_versions_chunk_id_index` ON `chunk_versions` (`chunk_id`)[0m
  [4;35;1mSQL (4.6ms)[0m   [0mCREATE INDEX `chunk_versions_version_index` ON `chunk_versions` (`version`)[0m
  [4;36;1mSQL (0.1ms)[0m   [0;1mSHOW TABLES[0m
  [4;35;1mSQL (2.3ms)[0m   [0mCREATE TABLE `chunks` (`id` int(11) DEFAULT NULL auto_increment PRIMARY KEY, `description` varchar(255), `live_version` int(11), `mime_type_id` int(11), `mime_type_str` varchar(100) DEFAULT '') ENGINE=InnoDB[0m
  [4;36;1mSQL (4.1ms)[0m   [0;1mCREATE INDEX `chunks_mime_type_id_index` ON `chunks` (`mime_type_id`)[0m
  [4;35;1mSQL (0.1ms)[0m   [0mSHOW TABLES[0m
  [4;36;1mSQL (2.9ms)[0m   [0;1mCREATE TABLE `file_extensions` (`id` int(11) DEFAULT NULL auto_increment PRIMARY KEY, `extension` varchar(255), `mime_type_id` int(11)) ENGINE=InnoDB[0m
  [4;35;1mSQL (4.1ms)[0m   [0mCREATE INDEX `file_extensions_mime_type_id_index` ON `file_extensions` (`mime_type_id`)[0m
  [4;36;1mSQL (0.1ms)[0m   [0;1mSHOW TABLES[0m
  [4;35;1mSQL (2.4ms)[0m   [0mCREATE TABLE `mapping_labels` (`id` int(11) DEFAULT NULL auto_increment PRIMARY KEY, `site_mapping_id` int(11), `name` varchar(255), `value` varchar(255)) ENGINE=InnoDB[0m
  [4;36;1mSQL (3.9ms)[0m   [0;1mCREATE INDEX `mapping_labels_site_mapping_id_index` ON `mapping_labels` (`site_mapping_id`)[0m
  [4;35;1mSQL (0.1ms)[0m   [0mSHOW TABLES[0m
  [4;36;1mSQL (2.2ms)[0m   [0;1mCREATE TABLE `mime_types` (`id` int(11) DEFAULT NULL auto_increment PRIMARY KEY, `mime_type` varchar(255), `description` varchar(255)) ENGINE=InnoDB[0m
  [4;35;1mSQL (4.2ms)[0m   [0mCREATE INDEX `mime_types_mime_type_index` ON `mime_types` (`mime_type`)[0m
  [4;36;1mSQL (0.2ms)[0m   [0;1mSHOW TABLES[0m
  [4;35;1mSQL (3.2ms)[0m   [0mCREATE TABLE `site_mappings` (`id` int(11) DEFAULT NULL auto_increment PRIMARY KEY, `path_segment` varchar(255) DEFAULT '' NOT NULL, `chunk_id` int(11), `version` int(11), `updated_at` datetime, `root_id` int(11), `parent_id` int(11), `depth` int(11), `lft` int(11), `rgt` int(11), `is_internal` tinyint(1) DEFAULT 0) ENGINE=InnoDB[0m
  [4;36;1mSQL (4.2ms)[0m   [0;1mCREATE INDEX `site_mappings_chunk_id_index` ON `site_mappings` (`chunk_id`)[0m
  [4;35;1mSQL (4.3ms)[0m   [0mCREATE INDEX `site_mappings_depth_index` ON `site_mappings` (`depth`)[0m
  [4;36;1mSQL (5.5ms)[0m   [0;1mCREATE INDEX `site_mappings_lft_index` ON `site_mappings` (`lft`, `rgt`)[0m
  [4;35;1mSQL (4.3ms)[0m   [0mCREATE INDEX `site_mappings_parent_id_index` ON `site_mappings` (`parent_id`)[0m
  [4;36;1mSQL (4.9ms)[0m   [0;1mCREATE INDEX `site_mappings_path_segment_index` ON `site_mappings` (`path_segment`, `version`)[0m
  [4;35;1mSQL (0.2ms)[0m   [0mSHOW TABLES[0m
  [4;36;1mSQL (2.9ms)[0m   [0;1mCREATE TABLE `users` (`id` int(11) DEFAULT NULL auto_increment PRIMARY KEY, `first_name` varchar(255) DEFAULT '' NOT NULL, `last_name` varchar(255) DEFAULT '' NOT NULL, `email` varchar(255) DEFAULT '' NOT NULL, `password` varchar(40) DEFAULT '' NOT NULL, `created_at` datetime NOT NULL, `updated_at` datetime NOT NULL) ENGINE=InnoDB[0m
  [4;35;1mSQL (0.2ms)[0m   [0mSHOW TABLES[0m
  [4;36;1mSQL (2.2ms)[0m   [0;1mCREATE TABLE `schema_migrations` (`version` varchar(255) NOT NULL) ENGINE=InnoDB[0m
  [4;35;1mSQL (3.7ms)[0m   [0mCREATE UNIQUE INDEX `unique_schema_migrations` ON `schema_migrations` (`version`)[0m
  [4;36;1mSQL (0.2ms)[0m   [0;1mSHOW TABLES[0m
  [4;35;1mSQL (0.1ms)[0m   [0mSELECT version FROM `schema_migrations`[0m
  [4;36;1mSQL (0.3ms)[0m   [0;1mINSERT INTO `schema_migrations` (version) VALUES ('6')[0m
  [4;36;1mSQL (0.1ms)[0m   [0;1mSET NAMES 'utf8'[0m
  [4;35;1mSQL (0.0ms)[0m   [0mSET SQL_AUTO_IS_NULL=0[0m
  [4;36;1mSQL (0.4ms)[0m   [0;1mSHOW TABLES[0m
  [4;35;1mSQL (0.1ms)[0m   [0mSELECT version FROM schema_migrations[0m
  [4;36;1mSQL (0.0ms)[0m   [0;1mSET NAMES 'utf8'[0m
  [4;35;1mSQL (0.0ms)[0m   [0mSET SQL_AUTO_IS_NULL=0[0m
  [4;36;1mSQL (28.9ms)[0m   [0;1mDROP DATABASE IF EXISTS `engine_test_railfrog_test`[0m
  [4;35;1mSQL (0.1ms)[0m   [0mCREATE DATABASE `engine_test_railfrog_test` DEFAULT CHARACTER SET `utf8`[0m
  [4;36;1mSQL (0.0ms)[0m   [0;1mSET NAMES 'utf8'[0m
  [4;35;1mSQL (0.0ms)[0m   [0mSET SQL_AUTO_IS_NULL=0[0m
  [4;36;1mSQL (0.1ms)[0m   [0;1mSHOW TABLES[0m
  [4;35;1mSQL (2.7ms)[0m   [0mCREATE TABLE `chunk_versions` (`id` int(11) DEFAULT NULL auto_increment PRIMARY KEY, `chunk_id` int(11), `version` int(11), `base_version` int(11), `content` blob(16777215), `created_at` datetime, `updated_at` datetime, `comments` varchar(255)) ENGINE=InnoDB[0m
  [4;36;1mSQL (3.6ms)[0m   [0;1mCREATE INDEX `chunk_versions_chunk_id_index` ON `chunk_versions` (`chunk_id`)[0m
  [4;35;1mSQL (4.4ms)[0m   [0mCREATE INDEX `chunk_versions_version_index` ON `chunk_versions` (`version`)[0m
  [4;36;1mSQL (0.1ms)[0m   [0;1mSHOW TABLES[0m
  [4;35;1mSQL (3.5ms)[0m   [0mCREATE TABLE `chunks` (`id` int(11) DEFAULT NULL auto_increment PRIMARY KEY, `description` varchar(255), `live_version` int(11), `mime_type_id` int(11), `mime_type_str` varchar(100) DEFAULT '') ENGINE=InnoDB[0m
  [4;36;1mSQL (3.7ms)[0m   [0;1mCREATE INDEX `chunks_mime_type_id_index` ON `chunks` (`mime_type_id`)[0m
  [4;35;1mSQL (0.2ms)[0m   [0mSHOW TABLES[0m
  [4;36;1mSQL (2.1ms)[0m   [0;1mCREATE TABLE `file_extensions` (`id` int(11) DEFAULT NULL auto_increment PRIMARY KEY, `extension` varchar(255), `mime_type_id` int(11)) ENGINE=InnoDB[0m
  [4;35;1mSQL (4.1ms)[0m   [0mCREATE INDEX `file_extensions_mime_type_id_index` ON `file_extensions` (`mime_type_id`)[0m
  [4;36;1mSQL (0.1ms)[0m   [0;1mSHOW TABLES[0m
  [4;35;1mSQL (1.8ms)[0m   [0mCREATE TABLE `mapping_labels` (`id` int(11) DEFAULT NULL auto_increment PRIMARY KEY, `site_mapping_id` int(11), `name` varchar(255), `value` varchar(255)) ENGINE=InnoDB[0m
  [4;36;1mSQL (4.6ms)[0m   [0;1mCREATE INDEX `mapping_labels_site_mapping_id_index` ON `mapping_labels` (`site_mapping_id`)[0m
  [4;35;1mSQL (0.1ms)[0m   [0mSHOW TABLES[0m
  [4;36;1mSQL (2.5ms)[0m   [0;1mCREATE TABLE `mime_types` (`id` int(11) DEFAULT NULL auto_increment PRIMARY KEY, `mime_type` varchar(255), `description` varchar(255)) ENGINE=InnoDB[0m
  [4;35;1mSQL (4.6ms)[0m   [0mCREATE INDEX `mime_types_mime_type_index` ON `mime_types` (`mime_type`)[0m
  [4;36;1mSQL (0.2ms)[0m   [0;1mSHOW TABLES[0m
  [4;35;1mSQL (1.9ms)[0m   [0mCREATE TABLE `site_mappings` (`id` int(11) DEFAULT NULL auto_increment PRIMARY KEY, `path_segment` varchar(255) DEFAULT '' NOT NULL, `chunk_id` int(11), `version` int(11), `updated_at` datetime, `root_id` int(11), `parent_id` int(11), `depth` int(11), `lft` int(11), `rgt` int(11), `is_internal` tinyint(1) DEFAULT 0) ENGINE=InnoDB[0m
  [4;36;1mSQL (4.2ms)[0m   [0;1mCREATE INDEX `site_mappings_chunk_id_index` ON `site_mappings` (`chunk_id`)[0m
  [4;35;1mSQL (3.7ms)[0m   [0mCREATE INDEX `site_mappings_depth_index` ON `site_mappings` (`depth`)[0m
  [4;36;1mSQL (5.2ms)[0m   [0;1mCREATE INDEX `site_mappings_lft_index` ON `site_mappings` (`lft`, `rgt`)[0m
  [4;35;1mSQL (4.9ms)[0m   [0mCREATE INDEX `site_mappings_parent_id_index` ON `site_mappings` (`parent_id`)[0m
  [4;36;1mSQL (5.0ms)[0m   [0;1mCREATE INDEX `site_mappings_path_segment_index` ON `site_mappings` (`path_segment`, `version`)[0m
  [4;35;1mSQL (0.2ms)[0m   [0mSHOW TABLES[0m
  [4;36;1mSQL (37.4ms)[0m   [0;1mCREATE TABLE `users` (`id` int(11) DEFAULT NULL auto_increment PRIMARY KEY, `first_name` varchar(255) DEFAULT '' NOT NULL, `last_name` varchar(255) DEFAULT '' NOT NULL, `email` varchar(255) DEFAULT '' NOT NULL, `password` varchar(40) DEFAULT '' NOT NULL, `created_at` datetime NOT NULL, `updated_at` datetime NOT NULL) ENGINE=InnoDB[0m
  [4;35;1mSQL (0.3ms)[0m   [0mSHOW TABLES[0m
  [4;36;1mSQL (2.0ms)[0m   [0;1mCREATE TABLE `schema_migrations` (`version` varchar(255) NOT NULL) ENGINE=InnoDB[0m
  [4;35;1mSQL (5.6ms)[0m   [0mCREATE UNIQUE INDEX `unique_schema_migrations` ON `schema_migrations` (`version`)[0m
  [4;36;1mSQL (0.2ms)[0m   [0;1mSHOW TABLES[0m
  [4;35;1mSQL (0.1ms)[0m   [0mSELECT version FROM `schema_migrations`[0m
  [4;36;1mSQL (0.3ms)[0m   [0;1mINSERT INTO `schema_migrations` (version) VALUES ('6')[0m
